<tr><th>process</th><th>class name</th><th>method signature</th><th>total branches</th><th>token index</th><th>token times</th></tr>
<tr><td>com.android.contacts(1952)</td><td>com/android/contacts/common/model/AccountTypeManagerImpl</td><td>loadAccountsInBackground.()V</td><td>44</td><td>5</td><td>3</td></tr>
<tr><td>com.android.contacts(1952)</td><td>com/android/contacts/common/model/AccountTypeManagerImpl</td><td>findAuthenticator.([AuthenticatorDescription;String;)AuthenticatorDescription;</td><td>4</td><td>0</td><td>3</td></tr>
<tr><td>com.android.contacts(1952)</td><td>com/android/contacts/common/model/AccountTypeManagerImpl</td><td>findAuthenticator.([AuthenticatorDescription;String;)AuthenticatorDescription;</td><td>4</td><td>2</td><td>3</td></tr>
<tr><td>com.android.contacts(1952)</td><td>com/android/contacts/common/model/AccountTypeManagerImpl</td><td>loadAccountsInBackground.()V</td><td>44</td><td>7</td><td>3</td></tr>
<tr><td>com.android.contacts(1952)</td><td>com/android/contacts/common/model/AccountTypeManagerImpl</td><td>loadAccountsInBackground.()V</td><td>44</td><td>9</td><td>3</td></tr>
<tr><td>com.android.contacts(1952)</td><td>com/android/contacts/common/model/account/ExchangeAccountType</td><td>isExchangeType.(String;)Z</td><td>4</td><td>1</td><td>3</td></tr>
<tr><td>com.android.contacts(1952)</td><td>com/android/contacts/common/model/AccountTypeManagerImpl</td><td>loadAccountsInBackground.()V</td><td>44</td><td>14</td><td>3</td></tr>
<tr><td>com.android.contacts(1952)</td><td>com/android/contacts/common/model/account/AccountType</td><td>addKind.(DataKind;)DataKind;</td><td>4</td><td>1</td><td>42</td></tr>
<tr><td>com.android.contacts(1952)</td><td>com/android/contacts/common/model/account/AccountType</td><td>addKind.(DataKind;)DataKind;</td><td>4</td><td>3</td><td>42</td></tr>
<tr><td>com.android.contacts(1952)</td><td>com/android/contacts/common/model/account/AccountType</td><td>addKind.(DataKind;)DataKind;</td><td>4</td><td>1</td><td>43</td></tr>
<tr><td>com.android.contacts(1952)</td><td>com/android/contacts/common/model/account/AccountType</td><td>addKind.(DataKind;)DataKind;</td><td>4</td><td>3</td><td>43</td></tr>
<tr><td>com.android.contacts(1952)</td><td>com/android/contacts/common/model/account/ExchangeAccountType</td><td>addDataKindDisplayName.(Context;)DataKind;</td><td>2</td><td>1</td><td>3</td></tr>
<tr><td>com.android.contacts(1952)</td><td>com/android/contacts/common/model/account/AccountType</td><td>addKind.(DataKind;)DataKind;</td><td>4</td><td>1</td><td>44</td></tr>
<tr><td>com.android.contacts(1952)</td><td>com/android/contacts/common/model/account/AccountType</td><td>addKind.(DataKind;)DataKind;</td><td>4</td><td>3</td><td>44</td></tr>
<tr><td>com.android.contacts(1952)</td><td>com/android/contacts/common/model/account/AccountType</td><td>addKind.(DataKind;)DataKind;</td><td>4</td><td>1</td><td>45</td></tr>
<tr><td>com.android.contacts(1952)</td><td>com/android/contacts/common/model/account/AccountType</td><td>addKind.(DataKind;)DataKind;</td><td>4</td><td>3</td><td>45</td></tr>
<tr><td>com.android.contacts(1952)</td><td>com/android/contacts/common/model/account/AccountType</td><td>addKind.(DataKind;)DataKind;</td><td>4</td><td>1</td><td>46</td></tr>
<tr><td>com.android.contacts(1952)</td><td>com/android/contacts/common/model/account/AccountType</td><td>addKind.(DataKind;)DataKind;</td><td>4</td><td>3</td><td>46</td></tr>
<tr><td>com.android.contacts(1952)</td><td>com/android/contacts/common/model/account/AccountType</td><td>addKind.(DataKind;)DataKind;</td><td>4</td><td>1</td><td>47</td></tr>
<tr><td>com.android.contacts(1952)</td><td>com/android/contacts/common/model/account/AccountType</td><td>addKind.(DataKind;)DataKind;</td><td>4</td><td>3</td><td>47</td></tr>
<tr><td>com.android.contacts(1952)</td><td>com/android/contacts/common/model/account/AccountType</td><td>addKind.(DataKind;)DataKind;</td><td>4</td><td>1</td><td>48</td></tr>
<tr><td>com.android.contacts(1952)</td><td>com/android/contacts/common/model/account/AccountType</td><td>addKind.(DataKind;)DataKind;</td><td>4</td><td>3</td><td>48</td></tr>
<tr><td>com.android.contacts(1952)</td><td>com/android/contacts/common/model/account/ExchangeAccountType</td><td>addDataKindStructuredPostal.(Context;)DataKind;</td><td>2</td><td>1</td><td>3</td></tr>
<tr><td>com.android.contacts(1952)</td><td>com/android/contacts/common/model/account/AccountType</td><td>addKind.(DataKind;)DataKind;</td><td>4</td><td>1</td><td>49</td></tr>
<tr><td>com.android.contacts(1952)</td><td>com/android/contacts/common/model/account/AccountType</td><td>addKind.(DataKind;)DataKind;</td><td>4</td><td>3</td><td>49</td></tr>
<tr><td>com.android.contacts(1952)</td><td>com/android/contacts/common/model/account/AccountType</td><td>addKind.(DataKind;)DataKind;</td><td>4</td><td>1</td><td>50</td></tr>
<tr><td>com.android.contacts(1952)</td><td>com/android/contacts/common/model/account/AccountType</td><td>addKind.(DataKind;)DataKind;</td><td>4</td><td>3</td><td>50</td></tr>
<tr><td>com.android.contacts(1952)</td><td>com/android/contacts/common/model/account/AccountType</td><td>addKind.(DataKind;)DataKind;</td><td>4</td><td>1</td><td>51</td></tr>
<tr><td>com.android.contacts(1952)</td><td>com/android/contacts/common/model/account/AccountType</td><td>addKind.(DataKind;)DataKind;</td><td>4</td><td>3</td><td>51</td></tr>
<tr><td>com.android.contacts(1952)</td><td>com/android/contacts/common/model/account/AccountType</td><td>addKind.(DataKind;)DataKind;</td><td>4</td><td>1</td><td>52</td></tr>
<tr><td>com.android.contacts(1952)</td><td>com/android/contacts/common/model/account/AccountType</td><td>addKind.(DataKind;)DataKind;</td><td>4</td><td>3</td><td>52</td></tr>
<tr><td>com.android.contacts(1952)</td><td>com/android/contacts/common/model/account/AccountType</td><td>addKind.(DataKind;)DataKind;</td><td>4</td><td>1</td><td>53</td></tr>
<tr><td>com.android.contacts(1952)</td><td>com/android/contacts/common/model/account/AccountType</td><td>addKind.(DataKind;)DataKind;</td><td>4</td><td>3</td><td>53</td></tr>
<tr><td>com.android.contacts(1952)</td><td>com/android/contacts/common/model/account/AccountType</td><td>addKind.(DataKind;)DataKind;</td><td>4</td><td>1</td><td>54</td></tr>
<tr><td>com.android.contacts(1952)</td><td>com/android/contacts/common/model/account/AccountType</td><td>addKind.(DataKind;)DataKind;</td><td>4</td><td>3</td><td>54</td></tr>
<tr><td>com.android.contacts(1952)</td><td>com/android/contacts/common/model/account/AccountType</td><td>addKind.(DataKind;)DataKind;</td><td>4</td><td>1</td><td>55</td></tr>
<tr><td>com.android.contacts(1952)</td><td>com/android/contacts/common/model/account/AccountType</td><td>addKind.(DataKind;)DataKind;</td><td>4</td><td>3</td><td>55</td></tr>
<tr><td>com.android.contacts(1952)</td><td>com/android/contacts/common/model/AccountTypeManagerImpl</td><td>loadAccountsInBackground.()V</td><td>44</td><td>11</td><td>3</td></tr>
<tr><td>com.android.contacts(1952)</td><td>com/android/contacts/common/model/account/AccountTypeWithDataSet</td><td>().(String;String;)V</td><td>4</td><td>1</td><td>3</td></tr>
<tr><td>com.android.contacts(1952)</td><td>com/android/contacts/common/model/account/AccountTypeWithDataSet</td><td>().(String;String;)V</td><td>4</td><td>2</td><td>12</td></tr>
<tr><td>com.android.contacts(1952)</td><td>com/android/contacts/common/model/account/AccountTypeWithDataSet</td><td>hashCode.()I</td><td>4</td><td>1</td><td>3</td></tr>
<tr><td>com.android.contacts(1952)</td><td>com/android/contacts/common/model/account/AccountTypeWithDataSet</td><td>hashCode.()I</td><td>4</td><td>2</td><td>12</td></tr>
<tr><td>com.android.contacts(1952)</td><td>com/android/contacts/common/model/AccountTypeManagerImpl</td><td>addAccountType.(AccountType;Map;Map;)V</td><td>2</td><td>0</td><td>3</td></tr>
<tr><td>com.android.contacts(1952)</td><td>com/android/contacts/common/model/AccountTypeManagerImpl</td><td>loadAccountsInBackground.()V</td><td>44</td><td>3</td><td>3</td></tr>
<tr><td>com.android.contacts(1952)</td><td>com/android/contacts/common/model/AccountTypeManagerImpl</td><td>loadAccountsInBackground.()V</td><td>44</td><td>17</td><td>3</td></tr>
<tr><td>com.android.contacts(1952)</td><td>com/android/contacts/common/model/AccountTypeManagerImpl</td><td>loadAccountsInBackground.()V</td><td>44</td><td>27</td><td>3</td></tr>
<tr><td>com.android.contacts(1952)</td><td>com/android/contacts/common/model/AccountTypeManagerImpl</td><td>findAllInvitableAccountTypes.(Context;Collection;Map;)Map;</td><td>10</td><td>1</td><td>3</td></tr>
<tr><td>com.android.contacts(1952)</td><td>com/android/contacts/common/model/AccountTypeManagerImpl</td><td>loadAccountsInBackground.()V</td><td>44</td><td>41</td><td>2</td></tr>
<tr><td>com.android.contacts(1952)</td><td>com/android/contacts/common/model/AccountTypeManagerImpl</td><td>loadAccountsInBackground.()V</td><td>44</td><td>43</td><td>3</td></tr>
