<tr><th>process</th><th>class name</th><th>method signature</th><th>total branches</th><th>covered branches</th><th>coverage</th></tr>
<tr><td>pixelrush.xphonefree(2103)</td><td>pixelrush/xphonefree/a/aj</td><td>s.()Z</td><td>31</td><td>3</td><td>9.67%</td></tr>
<tr><td>pixelrush.xphonefree(2103)</td><td>pixelrush/xphonefree/a/aj</td><td>a.(Bitmap;ZZ)V</td><td>38</td><td>20</td><td>52.63%</td></tr>
<tr><td>pixelrush.xphonefree(2103)</td><td>pixelrush/xphonefree/a/aj</td><td>i.(Z)V</td><td>6</td><td>4</td><td>66.66%</td></tr>
<tr><td>pixelrush.xphonefree(2103)</td><td>pixelrush/xphonefree/a/aj</td><td>a.(av;)Z</td><td>18</td><td>7</td><td>38.88%</td></tr>
<tr><td>pixelrush.xphonefree(2103)</td><td>pixelrush/xphonefree/a/aj</td><td>a.(ay;Object;)V</td><td>6</td><td>5</td><td>83.33%</td></tr>
<tr><td>pixelrush.xphonefree(2103)</td><td>pixelrush/xphonefree/a/aj</td><td>R.()V</td><td>24</td><td>1</td><td>4.16%</td></tr>
<tr><td>pixelrush.xphonefree(2103)</td><td>pixelrush/xphonefree/a/aj</td><td>p.()Z</td><td>2</td><td>1</td><td>50.0%</td></tr>
<tr><td>pixelrush.xphonefree(2103)</td><td>pixelrush/xphonefree/a/aj</td><td>z.()Z</td><td>4</td><td>3</td><td>75.0%</td></tr>
<tr><td>pixelrush.xphonefree(2103)</td><td>pixelrush/xphonefree/a/aj</td><td>o.()Z</td><td>6</td><td>4</td><td>66.66%</td></tr>
<tr><td>pixelrush.xphonefree(2103)</td><td>pixelrush/xphonefree/a/aj</td><td>Q.()V</td><td>42</td><td>9</td><td>21.42%</td></tr>
<tr><td>pixelrush.xphonefree(2103)</td><td>pixelrush/xphonefree/a/aj</td><td>a.(at;Z)V</td><td>2</td><td>1</td><td>50.0%</td></tr>
<tr><td>pixelrush.xphonefree(2103)</td><td>pixelrush/xphonefree/a/aj</td><td>n.()V</td><td>2</td><td>1</td><td>50.0%</td></tr>
<tr><td>pixelrush.xphonefree(2103)</td><td>pixelrush/xphonefree/a/aj</td><td>b.(Z)V</td><td>8</td><td>6</td><td>75.0%</td></tr>
<tr><td>pixelrush.xphonefree(2103)</td><td>pixelrush/xphonefree/a/aj</td><td>a.(am;)V</td><td>4</td><td>2</td><td>50.0%</td></tr>
<tr><td>pixelrush.xphonefree(2103)</td><td>pixelrush/xphonefree/a/aj</td><td>u.()Bitmap;</td><td>10</td><td>5</td><td>50.0%</td></tr>
<tr><td>pixelrush.xphonefree(2103)</td><td>pixelrush/xphonefree/a/aj</td><td>y.()ax;</td><td>15</td><td>1</td><td>6.66%</td></tr>
<tr><td>pixelrush.xphonefree(2103)</td><td>c/a/a/a/f</td><td>b.(Uri;e;)V</td><td>6</td><td>5</td><td>83.33%</td></tr>
<tr><td>pixelrush.xphonefree(2103)</td><td>c/a/a/a/g</td><td>k.()Z</td><td>2</td><td>1</td><td>50.0%</td></tr>
<tr><td>pixelrush.xphonefree(2103)</td><td>c/a/a/a/g</td><td>j.()Z</td><td>12</td><td>4</td><td>33.33%</td></tr>
<tr><td>pixelrush.xphonefree(2103)</td><td>c/a/a/a/g</td><td>s.()Cursor;</td><td>24</td><td>4</td><td>16.66%</td></tr>
<tr><td>pixelrush.xphonefree(2103)</td><td>c/a/a/a/g</td><td>a.()e;</td><td>54</td><td>7</td><td>12.96%</td></tr>
<tr><td>pixelrush.xphonefree(2103)</td><td>c/a/a/a/g</td><td>l.()Z</td><td>4</td><td>1</td><td>25.0%</td></tr>
<tr><td>pixelrush.xphonefree(2103)</td><td>c/a/a/a/g</td><td>g.()Z</td><td>2</td><td>1</td><td>50.0%</td></tr>
<tr><td>pixelrush.xphonefree(2103)</td><td>c/a/a/a/g</td><td>h.()Z</td><td>2</td><td>1</td><td>50.0%</td></tr>
<tr><td>pixelrush.xphonefree(2103)</td><td>c/a/a/au</td><td>f.()ArrayList;</td><td>12</td><td>3</td><td>25.0%</td></tr>
<tr><td>pixelrush.xphonefree(2103)</td><td>c/a/a/au</td><td>a.(ArrayList;)V</td><td>16</td><td>2</td><td>12.5%</td></tr>
<tr><td>pixelrush.xphonefree(2103)</td><td>c/a/a/a/i</td><td>a.()Z</td><td>6</td><td>3</td><td>50.0%</td></tr>
<tr><td>pixelrush.xphonefree(2103)</td><td>c/a/a/a/i</td><td>c.()Z</td><td>4</td><td>3</td><td>75.0%</td></tr>
<tr><td>pixelrush.xphonefree(2103)</td><td>c/a/a/a/i</td><td>b.()Z</td><td>4</td><td>3</td><td>75.0%</td></tr>
<tr><td>pixelrush.xphonefree(2103)</td><td>c/a/a/a/i</td><td>d.()Z</td><td>4</td><td>1</td><td>25.0%</td></tr>
<tr><td>pixelrush.xphonefree(2103)</td><td>pixelrush/xphonefree/ju</td><td>on</td><td>2</td><td>1</td><td>50.0%</td></tr>
<tr><td>pixelrush.xphonefree(2103)</td><td>pixelrush/xphonefree/c/l</td><td>c.(Z)V</td><td>25</td><td>9</td><td>36.0%</td></tr>
<tr><td>pixelrush.xphonefree(2103)</td><td>pixelrush/xphonefree/c/l</td><td>update.(Observable;Object;)V</td><td>10</td><td>7</td><td>70.0%</td></tr>
<tr><td>pixelrush.xphonefree(2103)</td><td>pixelrush/xphonefree/c/l</td><td>a.(Z)V</td><td>2</td><td>1</td><td>50.0%</td></tr>
<tr><td>pixelrush.xphonefree(2103)</td><td>pixelrush/xphonefree/c/l</td><td>onDraw.(Canvas;)V</td><td>10</td><td>5</td><td>50.0%</td></tr>
<tr><td>pixelrush.xphonefree(2103)</td><td>pixelrush/xphonefree/c/l</td><td>draw.(Canvas;)V</td><td>8</td><td>1</td><td>12.5%</td></tr>
<tr><td>pixelrush.xphonefree(2103)</td><td>pixelrush/xphonefree/c/l</td><td>a.(Canvas;View;Ih;)V</td><td>28</td><td>8</td><td>28.57%</td></tr>
<tr><td>pixelrush.xphonefree(2103)</td><td>c/a/a/p</td><td>execute.(Runnable;)V</td><td>2</td><td>1</td><td>50.0%</td></tr>
<tr><td>pixelrush.xphonefree(2103)</td><td>c/a/a/p</td><td>a.()V</td><td>2</td><td>2</td><td>100.0%</td></tr>
<tr><td>pixelrush.xphonefree(2103)</td><td>pixelrush/xphonefree/c/n</td><td>h.()V</td><td>45</td><td>16</td><td>35.55%</td></tr>
<tr><td>pixelrush.xphonefree(2103)</td><td>pixelrush/xphonefree/c/n</td><td>c.(Z)V</td><td>10</td><td>6</td><td>60.0%</td></tr>
<tr><td>pixelrush.xphonefree(2103)</td><td>pixelrush/xphonefree/c/n</td><td>a.(ZZ)I</td><td>4</td><td>3</td><td>75.0%</td></tr>
<tr><td>pixelrush.xphonefree(2103)</td><td>pixelrush/xphonefree/c/n</td><td>update.(Observable;Object;)V</td><td>21</td><td>10</td><td>47.61%</td></tr>
<tr><td>pixelrush.xphonefree(2103)</td><td>pixelrush/xphonefree/c/n</td><td>a.(Z)V</td><td>2</td><td>1</td><td>50.0%</td></tr>
<tr><td>pixelrush.xphonefree(2103)</td><td>pixelrush/xphonefree/c/n</td><td>f.()V</td><td>19</td><td>6</td><td>31.57%</td></tr>
<tr><td>pixelrush.xphonefree(2103)</td><td>pixelrush/xphonefree/c/h</td><td>a.(aa;Z)V</td><td>6</td><td>3</td><td>50.0%</td></tr>
<tr><td>pixelrush.xphonefree(2103)</td><td>pixelrush/xphonefree/c/h</td><td>d.(Z)V</td><td>4</td><td>1</td><td>25.0%</td></tr>
<tr><td>pixelrush.xphonefree(2103)</td><td>pixelrush/xphonefree/c/h</td><td>update.(Observable;Object;)V</td><td>16</td><td>8</td><td>50.0%</td></tr>
<tr><td>pixelrush.xphonefree(2103)</td><td>pixelrush/xphonefree/c/h</td><td>a.(Z)V</td><td>2</td><td>1</td><td>50.0%</td></tr>
<tr><td>pixelrush.xphonefree(2103)</td><td>pixelrush/xphonefree/c/h</td><td>setVisibility.(I)V</td><td>6</td><td>3</td><td>50.0%</td></tr>
<tr><td>pixelrush.xphonefree(2103)</td><td>pixelrush/xphonefree/c/h</td><td>b.()V</td><td>54</td><td>2</td><td>3.7%</td></tr>
<tr><td>pixelrush.xphonefree(2103)</td><td>pixelrush/xphonefree/c/h</td><td>a.(II)V</td><td>8</td><td>7</td><td>87.5%</td></tr>
<tr><td>pixelrush.xphonefree(2103)</td><td>pixelrush/xphonefree/c/h</td><td>c.()Z</td><td>2</td><td>1</td><td>50.0%</td></tr>
<tr><td>pixelrush.xphonefree(2103)</td><td>pixelrush/xphonefree/c/h</td><td>a.(aa;)V</td><td>6</td><td>3</td><td>50.0%</td></tr>
<tr><td>pixelrush.xphonefree(2103)</td><td>pixelrush/xphonefree/c/h</td><td>a.(ZZ)V</td><td>6</td><td>4</td><td>66.66%</td></tr>
<tr><td>pixelrush.xphonefree(2103)</td><td>pixelrush/xphonefree/c/h</td><td>a.(I)Z</td><td>14</td><td>7</td><td>50.0%</td></tr>
<tr><td>pixelrush.xphonefree(2103)</td><td>c/a/a/v</td><td>c.([String;)File;</td><td>18</td><td>4</td><td>22.22%</td></tr>
<tr><td>pixelrush.xphonefree(2103)</td><td>c/a/a/v</td><td>b.([String;)String;</td><td>2</td><td>1</td><td>50.0%</td></tr>
<tr><td>pixelrush.xphonefree(2103)</td><td>pixelrush/xphonefree/c/b/c</td><td>on</td><td>4</td><td>2</td><td>50.0%</td></tr>
<tr><td>pixelrush.xphonefree(2103)</td><td>pixelrush/xphonefree/c/b/c</td><td>onSizeChanged.(IIII)V</td><td>2</td><td>1</td><td>50.0%</td></tr>
<tr><td>pixelrush.xphonefree(2103)</td><td>c/a/a/t</td><td>onPreExecute.()V</td><td>2</td><td>1</td><td>50.0%</td></tr>
<tr><td>pixelrush.xphonefree(2103)</td><td>c/a/a/t</td><td>a.(cg;)Z</td><td>6</td><td>2</td><td>33.33%</td></tr>
<tr><td>pixelrush.xphonefree(2103)</td><td>c/a/a/t</td><td>onPostExecute.(Object;)V</td><td>2</td><td>1</td><td>50.0%</td></tr>
<tr><td>pixelrush.xphonefree(2103)</td><td>pixelrush/xphonefree/c/b/b</td><td>a.(Z)I</td><td>2</td><td>2</td><td>100.0%</td></tr>
<tr><td>pixelrush.xphonefree(2103)</td><td>pixelrush/xphonefree/c/b/a</td><td>a.()V</td><td>2</td><td>1</td><td>50.0%</td></tr>
<tr><td>pixelrush.xphonefree(2103)</td><td>pixelrush/xphonefree/c/b/a</td><td>a.(cb;)V</td><td>2</td><td>1</td><td>50.0%</td></tr>
<tr><td>pixelrush.xphonefree(2103)</td><td>c/a/a/ce</td><td>b.(IObject;)V</td><td>14</td><td>5</td><td>35.71%</td></tr>
<tr><td>pixelrush.xphonefree(2103)</td><td>c/a/a/ce</td><td>b.(I)Z</td><td>4</td><td>2</td><td>50.0%</td></tr>
<tr><td>pixelrush.xphonefree(2103)</td><td>c/a/a/ce</td><td>a.(IObject;)Object;</td><td>4</td><td>3</td><td>75.0%</td></tr>
<tr><td>pixelrush.xphonefree(2103)</td><td>c/a/a/ce</td><td>a.([IIII)I</td><td>8</td><td>7</td><td>87.5%</td></tr>
<tr><td>pixelrush.xphonefree(2103)</td><td>c/a/a/cf</td><td>a.()Z</td><td>2</td><td>2</td><td>100.0%</td></tr>
<tr><td>pixelrush.xphonefree(2103)</td><td>c/a/a/cf</td><td>a.(J)Z</td><td>2</td><td>1</td><td>50.0%</td></tr>
<tr><td>pixelrush.xphonefree(2103)</td><td>c/a/a/cf</td><td>c.()V</td><td>2</td><td>1</td><td>50.0%</td></tr>
<tr><td>pixelrush.xphonefree(2103)</td><td>c/a/a/cf</td><td>b.()I</td><td>2</td><td>1</td><td>50.0%</td></tr>
<tr><td>pixelrush.xphonefree(2103)</td><td>c/a/a/cf</td><td>b.(I)Object;</td><td>2</td><td>1</td><td>50.0%</td></tr>
<tr><td>pixelrush.xphonefree(2103)</td><td>c/a/a/cf</td><td>a.([JIIJ)I</td><td>8</td><td>6</td><td>75.0%</td></tr>
<tr><td>pixelrush.xphonefree(2103)</td><td>c/a/a/cf</td><td>c.(JObject;)V</td><td>10</td><td>3</td><td>30.0%</td></tr>
<tr><td>pixelrush.xphonefree(2103)</td><td>c/a/a/cf</td><td>a.(JObject;)Object;</td><td>4</td><td>3</td><td>75.0%</td></tr>
<tr><td>pixelrush.xphonefree(2103)</td><td>c/a/a/h</td><td>handleMessage.(Message;)V</td><td>5</td><td>3</td><td>60.0%</td></tr>
<tr><td>pixelrush.xphonefree(2103)</td><td>c/a/a/i</td><td>e.(Object;)V</td><td>2</td><td>1</td><td>50.0%</td></tr>
<tr><td>pixelrush.xphonefree(2103)</td><td>c/a/a/i</td><td>c.(Object;)V</td><td>2</td><td>1</td><td>50.0%</td></tr>
<tr><td>pixelrush.xphonefree(2103)</td><td>c/a/a/i</td><td>().()V</td><td>2</td><td>1</td><td>50.0%</td></tr>
<tr><td>pixelrush.xphonefree(2103)</td><td>c/a/a/i</td><td>a.(Executor;[Object;)i;</td><td>5</td><td>1</td><td>20.0%</td></tr>
<tr><td>pixelrush.xphonefree(2103)</td><td>c/a/a/ci</td><td>a.(F)F</td><td>2</td><td>1</td><td>50.0%</td></tr>
<tr><td>pixelrush.xphonefree(2103)</td><td>pixelrush/xphonefree/c/p</td><td>c.(Z)V</td><td>4</td><td>3</td><td>75.0%</td></tr>
<tr><td>pixelrush.xphonefree(2103)</td><td>pixelrush/xphonefree/c/p</td><td>update.(Observable;Object;)V</td><td>22</td><td>7</td><td>31.81%</td></tr>
<tr><td>pixelrush.xphonefree(2103)</td><td>pixelrush/xphonefree/c/p</td><td>a.(Z)V</td><td>2</td><td>1</td><td>50.0%</td></tr>
<tr><td>pixelrush.xphonefree(2103)</td><td>pixelrush/xphonefree/c/p</td><td>a.(ZZ)V</td><td>18</td><td>8</td><td>44.44%</td></tr>
<tr><td>pixelrush.xphonefree(2103)</td><td>pixelrush/xphonefree/c/p</td><td>setVisibility.(I)V</td><td>6</td><td>3</td><td>50.0%</td></tr>
<tr><td>pixelrush.xphonefree(2103)</td><td>pixelrush/xphonefree/c/p</td><td>a.(II)V</td><td>2</td><td>1</td><td>50.0%</td></tr>
<tr><td>pixelrush.xphonefree(2103)</td><td>c/a/a/cj</td><td>().()V</td><td>10</td><td>10</td><td>100.0%</td></tr>
<tr><td>pixelrush.xphonefree(2103)</td><td>c/a/a/o</td><td>handleMessage.(Message;)V</td><td>3</td><td>1</td><td>33.33%</td></tr>
<tr><td>pixelrush.xphonefree(2103)</td><td>pixelrush/xphonefree/c/r</td><td>on</td><td>2</td><td>1</td><td>50.0%</td></tr>
<tr><td>pixelrush.xphonefree(2103)</td><td>pixelrush/xphonefree/c/r</td><td>a.()V</td><td>8</td><td>3</td><td>37.5%</td></tr>
<tr><td>pixelrush.xphonefree(2103)</td><td>pixelrush/xphonefree/c/r</td><td>update.(Observable;Object;)V</td><td>4</td><td>3</td><td>75.0%</td></tr>
<tr><td>pixelrush.xphonefree(2103)</td><td>pixelrush/xphonefree/c/r</td><td>a.(Z)V</td><td>2</td><td>1</td><td>50.0%</td></tr>
<tr><td>pixelrush.xphonefree(2103)</td><td>pixelrush/xphonefree/c/r</td><td>a.(ZZ)V</td><td>12</td><td>2</td><td>16.66%</td></tr>
<tr><td>pixelrush.xphonefree(2103)</td><td>pixelrush/xphonefree/c/r</td><td>setVisibility.(I)V</td><td>6</td><td>2</td><td>33.33%</td></tr>
<tr><td>pixelrush.xphonefree(2103)</td><td>c/a/a/ch</td><td>c.()Z</td><td>2</td><td>1</td><td>50.0%</td></tr>
<tr><td>pixelrush.xphonefree(2103)</td><td>c/a/a/ch</td><td>b.()Z</td><td>4</td><td>2</td><td>50.0%</td></tr>
<tr><td>pixelrush.xphonefree(2103)</td><td>c/a/a/ch</td><td>a.()HashSet;</td><td>2</td><td>2</td><td>100.0%</td></tr>
<tr><td>pixelrush.xphonefree(2103)</td><td>c/a/a/cn</td><td>f.()Z</td><td>10</td><td>1</td><td>10.0%</td></tr>
<tr><td>pixelrush.xphonefree(2103)</td><td>c/a/a/cn</td><td>t.()V</td><td>20</td><td>3</td><td>15.0%</td></tr>
<tr><td>pixelrush.xphonefree(2103)</td><td>c/a/a/cn</td><td>a.(Z)V</td><td>18</td><td>5</td><td>27.77%</td></tr>
<tr><td>pixelrush.xphonefree(2103)</td><td>c/a/a/cn</td><td>s.()V</td><td>4</td><td>2</td><td>50.0%</td></tr>
<tr><td>pixelrush.xphonefree(2103)</td><td>c/a/a/cn</td><td>a.(SharedPreferences$Editor;)V</td><td>16</td><td>8</td><td>50.0%</td></tr>
<tr><td>pixelrush.xphonefree(2103)</td><td>c/a/a/cn</td><td>a.([B)String;</td><td>2</td><td>2</td><td>100.0%</td></tr>
<tr><td>pixelrush.xphonefree(2103)</td><td>c/a/a/cn</td><td>c.(I)V</td><td>2</td><td>1</td><td>50.0%</td></tr>
<tr><td>pixelrush.xphonefree(2103)</td><td>c/a/a/cn</td><td>j.()Z</td><td>2</td><td>1</td><td>50.0%</td></tr>
<tr><td>pixelrush.xphonefree(2103)</td><td>c/a/a/cn</td><td>a.(Z[B)V</td><td>4</td><td>2</td><td>50.0%</td></tr>
<tr><td>pixelrush.xphonefree(2103)</td><td>c/a/a/cn</td><td>a.(cb;)V</td><td>5</td><td>4</td><td>80.0%</td></tr>
<tr><td>pixelrush.xphonefree(2103)</td><td>c/a/a/cn</td><td>v.()V</td><td>2</td><td>1</td><td>50.0%</td></tr>
<tr><td>pixelrush.xphonefree(2103)</td><td>pixelrush/xphonefree/XPhoneActivity</td><td>onPrepareDialog.(IDialog;)V</td><td>12</td><td>1</td><td>8.33%</td></tr>
<tr><td>pixelrush.xphonefree(2103)</td><td>pixelrush/xphonefree/XPhoneActivity</td><td>onSaveInstanceState.(Bundle;)V</td><td>2</td><td>1</td><td>50.0%</td></tr>
<tr><td>pixelrush.xphonefree(2103)</td><td>pixelrush/xphonefree/XPhoneActivity</td><td>onCreate.(Bundle;)V</td><td>14</td><td>5</td><td>35.71%</td></tr>
<tr><td>pixelrush.xphonefree(2103)</td><td>pixelrush/xphonefree/XPhoneActivity</td><td>b.()Z</td><td>2</td><td>1</td><td>50.0%</td></tr>
<tr><td>pixelrush.xphonefree(2103)</td><td>pixelrush/xphonefree/XPhoneActivity</td><td>onResume.()V</td><td>2</td><td>1</td><td>50.0%</td></tr>
<tr><td>pixelrush.xphonefree(2103)</td><td>pixelrush/xphonefree/XPhoneActivity</td><td>a.(Intent;)V</td><td>32</td><td>3</td><td>9.37%</td></tr>
<tr><td>pixelrush.xphonefree(2103)</td><td>pixelrush/xphonefree/XPhoneActivity</td><td>onStop.()V</td><td>4</td><td>3</td><td>75.0%</td></tr>
<tr><td>pixelrush.xphonefree(2103)</td><td>pixelrush/xphonefree/XPhoneActivity</td><td>onCreateDialog.(I)Dialog;</td><td>417</td><td>1</td><td>0.23%</td></tr>
<tr><td>pixelrush.xphonefree(2103)</td><td>pixelrush/xphonefree/XPhoneActivity</td><td>b.(Z)V</td><td>4</td><td>1</td><td>25.0%</td></tr>
<tr><td>pixelrush.xphonefree(2103)</td><td>pixelrush/xphonefree/XPhoneActivity</td><td>onStart.()V</td><td>6</td><td>1</td><td>16.66%</td></tr>
<tr><td>pixelrush.xphonefree(2103)</td><td>pixelrush/xphonefree/XPhoneActivity</td><td>onBackPressed.()V</td><td>4</td><td>2</td><td>50.0%</td></tr>
<tr><td>pixelrush.xphonefree(2103)</td><td>pixelrush/xphonefree/XPhoneActivity</td><td>a.(t;)V</td><td>20</td><td>6</td><td>30.0%</td></tr>
<tr><td>pixelrush.xphonefree(2103)</td><td>pixelrush/xphonefree/XPhoneActivity</td><td>d.()V</td><td>8</td><td>2</td><td>25.0%</td></tr>
<tr><td>pixelrush.xphonefree(2103)</td><td>pixelrush/xphonefree/c/f/j</td><td>a.(IIZ)V</td><td>107</td><td>10</td><td>9.34%</td></tr>
<tr><td>pixelrush.xphonefree(2103)</td><td>pixelrush/xphonefree/c/f/j</td><td>e.(Z)V</td><td>4</td><td>2</td><td>50.0%</td></tr>
<tr><td>pixelrush.xphonefree(2103)</td><td>pixelrush/xphonefree/c/f/j</td><td>f.(Z)V</td><td>4</td><td>2</td><td>50.0%</td></tr>
<tr><td>pixelrush.xphonefree(2103)</td><td>pixelrush/xphonefree/c/f/j</td><td>on</td><td>6</td><td>3</td><td>50.0%</td></tr>
<tr><td>pixelrush.xphonefree(2103)</td><td>pixelrush/xphonefree/c/f/j</td><td>e.()V</td><td>20</td><td>8</td><td>40.0%</td></tr>
<tr><td>pixelrush.xphonefree(2103)</td><td>pixelrush/xphonefree/c/f/j</td><td>x.()V</td><td>2</td><td>1</td><td>50.0%</td></tr>
<tr><td>pixelrush.xphonefree(2103)</td><td>c/a/a/cr</td><td>a.(Integer;)V</td><td>2</td><td>1</td><td>50.0%</td></tr>
<tr><td>pixelrush.xphonefree(2103)</td><td>c/a/a/cr</td><td>a.([Void;)Integer;</td><td>8</td><td>4</td><td>50.0%</td></tr>
<tr><td>pixelrush.xphonefree(2103)</td><td>c/a/a/co</td><td>handleMessage.(Message;)V</td><td>5</td><td>3</td><td>60.0%</td></tr>
<tr><td>pixelrush.xphonefree(2103)</td><td>pixelrush/xphonefree/c/f/d</td><td>a.(g;f;)V</td><td>17</td><td>15</td><td>88.23%</td></tr>
<tr><td>pixelrush.xphonefree(2103)</td><td>pixelrush/xphonefree/c/f/d</td><td>a.()V</td><td>10</td><td>6</td><td>60.0%</td></tr>
<tr><td>pixelrush.xphonefree(2103)</td><td>pixelrush/xphonefree/c/f/d</td><td>a.(IIZ)Bitmap;</td><td>2</td><td>1</td><td>50.0%</td></tr>
<tr><td>pixelrush.xphonefree(2103)</td><td>pixelrush/xphonefree/c/f/d</td><td>a.(Canvas;Z)V</td><td>166</td><td>30</td><td>18.07%</td></tr>
<tr><td>pixelrush.xphonefree(2103)</td><td>pixelrush/xphonefree/c/f/d</td><td>getFontAlt.()by;</td><td>4</td><td>1</td><td>25.0%</td></tr>
<tr><td>pixelrush.xphonefree(2103)</td><td>pixelrush/xphonefree/c/f/d</td><td>c.(Z)by;</td><td>10</td><td>2</td><td>20.0%</td></tr>
<tr><td>pixelrush.xphonefree(2103)</td><td>pixelrush/xphonefree/c/f/d</td><td>a.(Z)I</td><td>14</td><td>4</td><td>28.57%</td></tr>
<tr><td>pixelrush.xphonefree(2103)</td><td>b/a/a/e</td><td>run.()V</td><td>24</td><td>8</td><td>33.33%</td></tr>
<tr><td>pixelrush.xphonefree(2103)</td><td>c/a/a/cu</td><td>a.(HashMap;ArrayList;ZZ)V</td><td>10</td><td>8</td><td>80.0%</td></tr>
<tr><td>pixelrush.xphonefree(2103)</td><td>c/a/a/cu</td><td>k.()V</td><td>2</td><td>1</td><td>50.0%</td></tr>
<tr><td>pixelrush.xphonefree(2103)</td><td>c/a/a/cu</td><td>a.(IZ)Z</td><td>6</td><td>2</td><td>33.33%</td></tr>
<tr><td>pixelrush.xphonefree(2103)</td><td>c/a/a/cu</td><td>setVisibility.(I)V</td><td>11</td><td>4</td><td>36.36%</td></tr>
<tr><td>pixelrush.xphonefree(2103)</td><td>c/a/a/cu</td><td>on</td><td>2</td><td>1</td><td>50.0%</td></tr>
<tr><td>pixelrush.xphonefree(2103)</td><td>c/a/a/cu</td><td>z.()V</td><td>4</td><td>3</td><td>75.0%</td></tr>
<tr><td>pixelrush.xphonefree(2103)</td><td>c/a/a/cu</td><td>c.(I)V</td><td>10</td><td>2</td><td>20.0%</td></tr>
<tr><td>pixelrush.xphonefree(2103)</td><td>c/a/a/cu</td><td>v.()V</td><td>4</td><td>2</td><td>50.0%</td></tr>
<tr><td>pixelrush.xphonefree(2103)</td><td>c/a/a/cu</td><td>m.()Z</td><td>8</td><td>1</td><td>12.5%</td></tr>
<tr><td>pixelrush.xphonefree(2103)</td><td>c/a/a/cu</td><td>B.()V</td><td>8</td><td>5</td><td>62.5%</td></tr>
<tr><td>pixelrush.xphonefree(2103)</td><td>c/a/a/cs</td><td>a.()V</td><td>2</td><td>1</td><td>50.0%</td></tr>
<tr><td>pixelrush.xphonefree(2103)</td><td>c/a/a/cs</td><td>c.(I)Bitmap;</td><td>6</td><td>5</td><td>83.33%</td></tr>
<tr><td>pixelrush.xphonefree(2103)</td><td>c/a/a/cs</td><td>a.(I)I</td><td>2</td><td>2</td><td>100.0%</td></tr>
<tr><td>pixelrush.xphonefree(2103)</td><td>c/a/a/cs</td><td>b.(I)dy;</td><td>10</td><td>3</td><td>30.0%</td></tr>
<tr><td>pixelrush.xphonefree(2103)</td><td>c/a/a/cs</td><td>h.(I)Pair;</td><td>6</td><td>6</td><td>100.0%</td></tr>
<tr><td>pixelrush.xphonefree(2103)</td><td>c/a/a/y</td><td>a.(Bitmap;)Z</td><td>4</td><td>2</td><td>50.0%</td></tr>
<tr><td>pixelrush.xphonefree(2103)</td><td>c/a/a/y</td><td>().()V</td><td>2</td><td>1</td><td>50.0%</td></tr>
<tr><td>pixelrush.xphonefree(2103)</td><td>c/a/a/ct</td><td>i.()Z</td><td>4</td><td>2</td><td>50.0%</td></tr>
<tr><td>pixelrush.xphonefree(2103)</td><td>c/a/a/ct</td><td>k.()Z</td><td>4</td><td>1</td><td>25.0%</td></tr>
<tr><td>pixelrush.xphonefree(2103)</td><td>c/a/a/ct</td><td>l.()Z</td><td>4</td><td>1</td><td>25.0%</td></tr>
<tr><td>pixelrush.xphonefree(2103)</td><td>c/a/a/ct</td><td>g.()Z</td><td>8</td><td>2</td><td>25.0%</td></tr>
<tr><td>pixelrush.xphonefree(2103)</td><td>c/a/a/ct</td><td>e.()Z</td><td>2</td><td>1</td><td>50.0%</td></tr>
<tr><td>pixelrush.xphonefree(2103)</td><td>c/a/a/ct</td><td>h.()Z</td><td>6</td><td>3</td><td>50.0%</td></tr>
<tr><td>pixelrush.xphonefree(2103)</td><td>c/a/a/ct</td><td>a.(Context;)V</td><td>2</td><td>1</td><td>50.0%</td></tr>
<tr><td>pixelrush.xphonefree(2103)</td><td>c/a/a/ct</td><td>j.()Z</td><td>4</td><td>1</td><td>25.0%</td></tr>
<tr><td>pixelrush.xphonefree(2103)</td><td>pixelrush/xphonefree/c/f/a</td><td>().(Context;)V</td><td>2</td><td>1</td><td>50.0%</td></tr>
<tr><td>pixelrush.xphonefree(2103)</td><td>pixelrush/xphonefree/c/f/a</td><td>c.(Z)V</td><td>10</td><td>3</td><td>30.0%</td></tr>
<tr><td>pixelrush.xphonefree(2103)</td><td>pixelrush/xphonefree/c/f/a</td><td>a.()V</td><td>2</td><td>2</td><td>100.0%</td></tr>
<tr><td>pixelrush.xphonefree(2103)</td><td>pixelrush/xphonefree/c/f/a</td><td>a.(Z)V</td><td>8</td><td>2</td><td>25.0%</td></tr>
<tr><td>pixelrush.xphonefree(2103)</td><td>pixelrush/xphonefree/c/f/a</td><td>setVisibility.(I)V</td><td>8</td><td>3</td><td>37.5%</td></tr>
<tr><td>pixelrush.xphonefree(2103)</td><td>pixelrush/xphonefree/c/f/a</td><td>b.()V</td><td>4</td><td>3</td><td>75.0%</td></tr>
<tr><td>pixelrush.xphonefree(2103)</td><td>pixelrush/xphonefree/c/f/a</td><td>a.(Canvas;IZZIII)V</td><td>26</td><td>15</td><td>57.69%</td></tr>
<tr><td>pixelrush.xphonefree(2103)</td><td>pixelrush/xphonefree/c/f/a</td><td>b.(Z)V</td><td>2</td><td>2</td><td>100.0%</td></tr>
<tr><td>pixelrush.xphonefree(2103)</td><td>pixelrush/xphonefree/c/f/a</td><td>d.()V</td><td>2</td><td>2</td><td>100.0%</td></tr>
<tr><td>pixelrush.xphonefree(2103)</td><td>pixelrush/xphonefree/XPhoneService</td><td>onStartCommand.(Intent;II)I</td><td>10</td><td>1</td><td>10.0%</td></tr>
<tr><td>pixelrush.xphonefree(2103)</td><td>b/a/a/a</td><td>a.()ExecutorService;</td><td>2</td><td>1</td><td>50.0%</td></tr>
<tr><td>pixelrush.xphonefree(2103)</td><td>pixelrush/xphonefree/c/f/h</td><td>getHeaderResource.()I</td><td>6</td><td>1</td><td>16.66%</td></tr>
<tr><td>pixelrush.xphonefree(2103)</td><td>pixelrush/xphonefree/c/f/h</td><td>a.()V</td><td>2</td><td>1</td><td>50.0%</td></tr>
<tr><td>pixelrush.xphonefree(2103)</td><td>pixelrush/xphonefree/c/f/h</td><td>a.(String;bk;)V</td><td>4</td><td>1</td><td>25.0%</td></tr>
<tr><td>pixelrush.xphonefree(2103)</td><td>pixelrush/xphonefree/c/f/h</td><td>setVisibility.(I)V</td><td>6</td><td>5</td><td>83.33%</td></tr>
<tr><td>pixelrush.xphonefree(2103)</td><td>pixelrush/xphonefree/c/f/h</td><td>b.()Z</td><td>6</td><td>3</td><td>50.0%</td></tr>
<tr><td>pixelrush.xphonefree(2103)</td><td>b/a/a/b</td><td>e.()V</td><td>6</td><td>4</td><td>66.66%</td></tr>
<tr><td>pixelrush.xphonefree(2103)</td><td>b/a/a/b</td><td>b.(Context;)V</td><td>4</td><td>1</td><td>25.0%</td></tr>
<tr><td>pixelrush.xphonefree(2103)</td><td>b/a/a/b</td><td>a.(Context;String;)V</td><td>16</td><td>6</td><td>37.5%</td></tr>
<tr><td>pixelrush.xphonefree(2103)</td><td>b/a/a/b</td><td>a.(Context;)V</td><td>8</td><td>3</td><td>37.5%</td></tr>
<tr><td>pixelrush.xphonefree(2103)</td><td>b/a/a/c</td><td>run.()V</td><td>26</td><td>5</td><td>19.23%</td></tr>
<tr><td>pixelrush.xphonefree(2103)</td><td>pixelrush/xphonefree/c/f/f</td><td>a.()Z</td><td>2</td><td>2</td><td>100.0%</td></tr>
<tr><td>pixelrush.xphonefree(2103)</td><td>b/a/a/d</td><td>b.()V</td><td>4</td><td>2</td><td>50.0%</td></tr>
<tr><td>pixelrush.xphonefree(2103)</td><td>b/a/a/d</td><td>a.()d;</td><td>2</td><td>1</td><td>50.0%</td></tr>
<tr><td>pixelrush.xphonefree(2103)</td><td>b/a/a/m</td><td>b.()V</td><td>4</td><td>2</td><td>50.0%</td></tr>
<tr><td>pixelrush.xphonefree(2103)</td><td>b/a/a/m</td><td>a.()m;</td><td>2</td><td>1</td><td>50.0%</td></tr>
<tr><td>pixelrush.xphonefree(2103)</td><td>b/a/a/n</td><td>run.()V</td><td>14</td><td>5</td><td>35.71%</td></tr>
<tr><td>pixelrush.xphonefree(2103)</td><td>c/a/a/ay</td><td>a.([String;)V</td><td>6</td><td>3</td><td>50.0%</td></tr>
<tr><td>pixelrush.xphonefree(2103)</td><td>c/a/a/ay</td><td>a.(IList;am;am;[String;ZSet;ZZ)V</td><td>4</td><td>2</td><td>50.0%</td></tr>
<tr><td>pixelrush.xphonefree(2103)</td><td>c/a/a/ay</td><td>a.(String;ZString;)String;</td><td>64</td><td>2</td><td>3.12%</td></tr>
<tr><td>pixelrush.xphonefree(2103)</td><td>c/a/a/ay</td><td>a.(IList;am;am;Set;ZZ)V</td><td>4</td><td>2</td><td>50.0%</td></tr>
<tr><td>pixelrush.xphonefree(2103)</td><td>c/a/a/ay</td><td>c.(String;)Z</td><td>4</td><td>1</td><td>25.0%</td></tr>
<tr><td>pixelrush.xphonefree(2103)</td><td>c/a/a/ay</td><td>().()V</td><td>2</td><td>1</td><td>50.0%</td></tr>
<tr><td>pixelrush.xphonefree(2103)</td><td>c/a/a/ay</td><td>d.()V</td><td>12</td><td>12</td><td>100.0%</td></tr>
<tr><td>pixelrush.xphonefree(2103)</td><td>b/a/a/k</td><td>a.()SSLSocketFactory;</td><td>4</td><td>1</td><td>25.0%</td></tr>
<tr><td>pixelrush.xphonefree(2103)</td><td>b/a/a/w</td><td>run.()V</td><td>2</td><td>1</td><td>50.0%</td></tr>
<tr><td>pixelrush.xphonefree(2103)</td><td>c/a/a/bi</td><td>a.(Canvas;CharSequence;IIIIIEnum;dy;)I</td><td>46</td><td>28</td><td>60.86%</td></tr>
<tr><td>pixelrush.xphonefree(2103)</td><td>c/a/a/bi</td><td>a.()V</td><td>5</td><td>1</td><td>20.0%</td></tr>
<tr><td>pixelrush.xphonefree(2103)</td><td>c/a/a/bi</td><td>a.(Canvas;Bitmap;IIIIIIIIPaint;)V</td><td>38</td><td>28</td><td>73.68%</td></tr>
<tr><td>pixelrush.xphonefree(2103)</td><td>c/a/a/bi</td><td>a.(Canvas;dy;Bitmap;III)V</td><td>8</td><td>4</td><td>50.0%</td></tr>
<tr><td>pixelrush.xphonefree(2103)</td><td>c/a/a/bi</td><td>d.(Canvas;Bitmap;IFFII)V</td><td>2</td><td>1</td><td>50.0%</td></tr>
<tr><td>pixelrush.xphonefree(2103)</td><td>c/a/a/bi</td><td>b.(Canvas;Bitmap;IFFI)V</td><td>4</td><td>2</td><td>50.0%</td></tr>
<tr><td>pixelrush.xphonefree(2103)</td><td>c/a/a/bi</td><td>a.(String;Rect;TextPaint;I)V</td><td>4</td><td>1</td><td>25.0%</td></tr>
<tr><td>pixelrush.xphonefree(2103)</td><td>c/a/a/bi</td><td>a.(FFIIRect;I)V</td><td>8</td><td>6</td><td>75.0%</td></tr>
<tr><td>pixelrush.xphonefree(2103)</td><td>c/a/a/bi</td><td>a.(Canvas;Bitmap;IFF)V</td><td>2</td><td>1</td><td>50.0%</td></tr>
<tr><td>pixelrush.xphonefree(2103)</td><td>c/a/a/a/w</td><td>b.(ZZ)Set;</td><td>18</td><td>5</td><td>27.77%</td></tr>
<tr><td>pixelrush.xphonefree(2103)</td><td>c/a/a/a/w</td><td>a.(ZZZZZ)Set;</td><td>18</td><td>4</td><td>22.22%</td></tr>
<tr><td>pixelrush.xphonefree(2103)</td><td>c/a/a/a/w</td><td>a.(Z)bu;</td><td>12</td><td>1</td><td>8.33%</td></tr>
<tr><td>pixelrush.xphonefree(2103)</td><td>c/a/a/a/w</td><td>a.(e;)e;</td><td>18</td><td>4</td><td>22.22%</td></tr>
<tr><td>pixelrush.xphonefree(2103)</td><td>c/a/a/a/w</td><td>a.()e;</td><td>28</td><td>4</td><td>14.28%</td></tr>
<tr><td>pixelrush.xphonefree(2103)</td><td>c/a/a/a/w</td><td>j.()ArrayList;</td><td>14</td><td>5</td><td>35.71%</td></tr>
<tr><td>pixelrush.xphonefree(2103)</td><td>c/a/a/a/w</td><td>b.(ZZZZZ)Set;</td><td>26</td><td>3</td><td>11.53%</td></tr>
<tr><td>pixelrush.xphonefree(2103)</td><td>c/a/a/a/w</td><td>k.()ArrayList;</td><td>4</td><td>3</td><td>75.0%</td></tr>
<tr><td>pixelrush.xphonefree(2103)</td><td>c/a/a/a/w</td><td>a.(String;Set;)I</td><td>6</td><td>1</td><td>16.66%</td></tr>
<tr><td>pixelrush.xphonefree(2103)</td><td>b/a/a/r</td><td>a.(IString;String;String;)String;</td><td>16</td><td>2</td><td>12.5%</td></tr>
<tr><td>pixelrush.xphonefree(2103)</td><td>b/a/a/r</td><td>a.(String;)Z</td><td>12</td><td>6</td><td>50.0%</td></tr>
<tr><td>pixelrush.xphonefree(2103)</td><td>b/a/a/r</td><td>a.()r;</td><td>2</td><td>1</td><td>50.0%</td></tr>
<tr><td>pixelrush.xphonefree(2103)</td><td>b/a/a/r</td><td>a.(String;I)V</td><td>4</td><td>2</td><td>50.0%</td></tr>
<tr><td>pixelrush.xphonefree(2103)</td><td>b/a/a/r</td><td>b.()V</td><td>4</td><td>2</td><td>50.0%</td></tr>
<tr><td>pixelrush.xphonefree(2103)</td><td>b/a/a/s</td><td>run.()V</td><td>34</td><td>11</td><td>32.35%</td></tr>
<tr><td>pixelrush.xphonefree(2103)</td><td>c/a/a/bl</td><td>f.()V</td><td>6</td><td>2</td><td>33.33%</td></tr>
<tr><td>pixelrush.xphonefree(2103)</td><td>c/a/a/bl</td><td>h.()V</td><td>2</td><td>1</td><td>50.0%</td></tr>
<tr><td>pixelrush.xphonefree(2103)</td><td>c/a/a/bl</td><td>a.(File;IIJ)bl;</td><td>6</td><td>3</td><td>50.0%</td></tr>
<tr><td>pixelrush.xphonefree(2103)</td><td>c/a/a/bl</td><td>i.()V</td><td>2</td><td>1</td><td>50.0%</td></tr>
<tr><td>pixelrush.xphonefree(2103)</td><td>c/a/a/c</td><td>c.()V</td><td>2</td><td>2</td><td>100.0%</td></tr>
<tr><td>pixelrush.xphonefree(2103)</td><td>c/a/a/c</td><td>().(IZ)V</td><td>2</td><td>1</td><td>50.0%</td></tr>
<tr><td>pixelrush.xphonefree(2103)</td><td>c/a/a/bj</td><td>c.()V</td><td>6</td><td>4</td><td>66.66%</td></tr>
<tr><td>pixelrush.xphonefree(2103)</td><td>c/a/a/bj</td><td>b.()V</td><td>16</td><td>10</td><td>62.5%</td></tr>
<tr><td>pixelrush.xphonefree(2103)</td><td>c/a/a/bj</td><td>a.(cb;)V</td><td>2</td><td>2</td><td>100.0%</td></tr>
<tr><td>pixelrush.xphonefree(2103)</td><td>c/a/a/bj</td><td>a.(bk;)V</td><td>2</td><td>2</td><td>100.0%</td></tr>
<tr><td>pixelrush.xphonefree(2103)</td><td>c/a/a/f</td><td>b.(Runnable;)V</td><td>4</td><td>3</td><td>75.0%</td></tr>
<tr><td>pixelrush.xphonefree(2103)</td><td>c/a/a/f</td><td>a.(Runnable;)V</td><td>2</td><td>1</td><td>50.0%</td></tr>
<tr><td>pixelrush.xphonefree(2103)</td><td>c/a/a/g</td><td>on</td><td>2</td><td>2</td><td>100.0%</td></tr>
<tr><td>pixelrush.xphonefree(2103)</td><td>b/a/a/z</td><td>a.(Context;)String;</td><td>12</td><td>5</td><td>41.66%</td></tr>
<tr><td>pixelrush.xphonefree(2103)</td><td>b/a/a/z</td><td>a.(Context;String;)Z</td><td>6</td><td>3</td><td>50.0%</td></tr>
<tr><td>pixelrush.xphonefree(2103)</td><td>b/a/a/z</td><td>a.([B)[C</td><td>2</td><td>2</td><td>100.0%</td></tr>
<tr><td>pixelrush.xphonefree(2103)</td><td>c/a/a/d</td><td>run.()V</td><td>4</td><td>4</td><td>100.0%</td></tr>
<tr><td>pixelrush.xphonefree(2103)</td><td>c/a/a/e</td><td>run.()V</td><td>2</td><td>2</td><td>100.0%</td></tr>
<tr><td>pixelrush.xphonefree(2103)</td><td>c/a/a/bu</td><td>equals.(Object;)Z</td><td>2</td><td>1</td><td>50.0%</td></tr>
<tr><td>pixelrush.xphonefree(2103)</td><td>c/a/a/bu</td><td>().(JIString;String;String;String;Z)V</td><td>4</td><td>2</td><td>50.0%</td></tr>
<tr><td>pixelrush.xphonefree(2103)</td><td>c/a/a/bu</td><td>d.()HashSet;</td><td>2</td><td>2</td><td>100.0%</td></tr>
<tr><td>pixelrush.xphonefree(2103)</td><td>pixelrush/xphonefree/c/e</td><td>c.(Z)V</td><td>8</td><td>4</td><td>50.0%</td></tr>
<tr><td>pixelrush.xphonefree(2103)</td><td>pixelrush/xphonefree/c/e</td><td>a.(cb;)V</td><td>4</td><td>2</td><td>50.0%</td></tr>
<tr><td>pixelrush.xphonefree(2103)</td><td>pixelrush/xphonefree/c/e</td><td>e.()V</td><td>4</td><td>2</td><td>50.0%</td></tr>
<tr><td>pixelrush.xphonefree(2103)</td><td>pixelrush/xphonefree/c/e</td><td>update.(Observable;Object;)V</td><td>27</td><td>10</td><td>37.03%</td></tr>
<tr><td>pixelrush.xphonefree(2103)</td><td>pixelrush/xphonefree/c/e</td><td>a.(Z)V</td><td>2</td><td>1</td><td>50.0%</td></tr>
<tr><td>pixelrush.xphonefree(2103)</td><td>pixelrush/xphonefree/c/e</td><td>c.(ZZ)V</td><td>4</td><td>2</td><td>50.0%</td></tr>
<tr><td>pixelrush.xphonefree(2103)</td><td>pixelrush/xphonefree/c/e</td><td>a.(ZZ)V</td><td>10</td><td>7</td><td>70.0%</td></tr>
<tr><td>pixelrush.xphonefree(2103)</td><td>pixelrush/xphonefree/c/e</td><td>setVisibility.(I)V</td><td>6</td><td>5</td><td>83.33%</td></tr>
<tr><td>pixelrush.xphonefree(2103)</td><td>pixelrush/xphonefree/c/e</td><td>b.(ZZ)V</td><td>4</td><td>2</td><td>50.0%</td></tr>
<tr><td>pixelrush.xphonefree(2103)</td><td>c/a/a/bv</td><td>a.()Z</td><td>2</td><td>1</td><td>50.0%</td></tr>
<tr><td>pixelrush.xphonefree(2103)</td><td>c/a/a/bv</td><td>b.()Context;</td><td>4</td><td>1</td><td>25.0%</td></tr>
<tr><td>pixelrush.xphonefree(2103)</td><td>c/a/a/bv</td><td>p.()Z</td><td>2</td><td>1</td><td>50.0%</td></tr>
<tr><td>pixelrush.xphonefree(2103)</td><td>c/a/a/bv</td><td>a.(String;Z)String;</td><td>6</td><td>4</td><td>66.66%</td></tr>
<tr><td>pixelrush.xphonefree(2103)</td><td>c/a/a/bv</td><td>n.()I</td><td>2</td><td>1</td><td>50.0%</td></tr>
<tr><td>pixelrush.xphonefree(2103)</td><td>c/a/a/bv</td><td>a.(dp;)Z</td><td>4</td><td>2</td><td>50.0%</td></tr>
<tr><td>pixelrush.xphonefree(2103)</td><td>c/a/a/bv</td><td>s.()V</td><td>8</td><td>1</td><td>12.5%</td></tr>
<tr><td>pixelrush.xphonefree(2103)</td><td>c/a/a/bv</td><td>b.(Z)V</td><td>4</td><td>3</td><td>75.0%</td></tr>
<tr><td>pixelrush.xphonefree(2103)</td><td>c/a/a/bv</td><td>k.()String;</td><td>8</td><td>4</td><td>50.0%</td></tr>
<tr><td>pixelrush.xphonefree(2103)</td><td>c/a/a/bv</td><td>a.(cb;Activity;)V</td><td>8</td><td>7</td><td>87.5%</td></tr>
<tr><td>pixelrush.xphonefree(2103)</td><td>c/a/a/bv</td><td>j.()String;</td><td>6</td><td>2</td><td>33.33%</td></tr>
<tr><td>pixelrush.xphonefree(2103)</td><td>c/a/a/bv</td><td>a.(View;)V</td><td>6</td><td>6</td><td>100.0%</td></tr>
<tr><td>pixelrush.xphonefree(2103)</td><td>c/a/a/bv</td><td>a.(Activity;)V</td><td>4</td><td>2</td><td>50.0%</td></tr>
<tr><td>pixelrush.xphonefree(2103)</td><td>c/a/a/bv</td><td>b.(I)String;</td><td>2</td><td>1</td><td>50.0%</td></tr>
<tr><td>pixelrush.xphonefree(2103)</td><td>c/a/a/bv</td><td>().()V</td><td>2</td><td>1</td><td>50.0%</td></tr>
<tr><td>pixelrush.xphonefree(2103)</td><td>c/a/a/bv</td><td>a.(Runnable;Integer;)V</td><td>8</td><td>2</td><td>25.0%</td></tr>
<tr><td>pixelrush.xphonefree(2103)</td><td>c/a/a/bv</td><td>a.(cc;String;String;)V</td><td>7</td><td>3</td><td>42.85%</td></tr>
<tr><td>pixelrush.xphonefree(2103)</td><td>c/a/a/bv</td><td>a.(Window;)V</td><td>2</td><td>1</td><td>50.0%</td></tr>
<tr><td>pixelrush.xphonefree(2103)</td><td>pixelrush/xphonefree/c/c</td><td>c.()Z</td><td>2</td><td>1</td><td>50.0%</td></tr>
<tr><td>pixelrush.xphonefree(2103)</td><td>pixelrush/xphonefree/c/c</td><td>d.(Z)V</td><td>6</td><td>1</td><td>16.66%</td></tr>
<tr><td>pixelrush.xphonefree(2103)</td><td>pixelrush/xphonefree/c/c</td><td>update.(Observable;Object;)V</td><td>14</td><td>4</td><td>28.57%</td></tr>
<tr><td>pixelrush.xphonefree(2103)</td><td>pixelrush/xphonefree/c/c</td><td>a.(Z)V</td><td>2</td><td>1</td><td>50.0%</td></tr>
<tr><td>pixelrush.xphonefree(2103)</td><td>pixelrush/xphonefree/c/c</td><td>a.(ZZ)V</td><td>6</td><td>5</td><td>83.33%</td></tr>
<tr><td>pixelrush.xphonefree(2103)</td><td>pixelrush/xphonefree/c/c</td><td>setVisibility.(I)V</td><td>10</td><td>3</td><td>30.0%</td></tr>
<tr><td>pixelrush.xphonefree(2103)</td><td>pixelrush/xphonefree/c/a/a</td><td>a.(Canvas;)V</td><td>36</td><td>4</td><td>11.11%</td></tr>
<tr><td>pixelrush.xphonefree(2103)</td><td>pixelrush/xphonefree/c/a/a</td><td>a.(IIZ)V</td><td>149</td><td>19</td><td>12.75%</td></tr>
<tr><td>pixelrush.xphonefree(2103)</td><td>pixelrush/xphonefree/c/a/a</td><td>x.()Z</td><td>22</td><td>4</td><td>18.18%</td></tr>
<tr><td>pixelrush.xphonefree(2103)</td><td>pixelrush/xphonefree/c/a/a</td><td>y.()Z</td><td>2</td><td>1</td><td>50.0%</td></tr>
<tr><td>pixelrush.xphonefree(2103)</td><td>pixelrush/xphonefree/c/a/a</td><td>a.(Enum;)Z</td><td>18</td><td>9</td><td>50.0%</td></tr>
<tr><td>pixelrush.xphonefree(2103)</td><td>pixelrush/xphonefree/c/a/a</td><td>on</td><td>6</td><td>3</td><td>50.0%</td></tr>
<tr><td>pixelrush.xphonefree(2103)</td><td>pixelrush/xphonefree/c/a/a</td><td>e.()V</td><td>22</td><td>8</td><td>36.36%</td></tr>
<tr><td>pixelrush.xphonefree(2103)</td><td>pixelrush/xphonefree/c/a/a</td><td>z.()Z</td><td>2</td><td>1</td><td>50.0%</td></tr>
<tr><td>pixelrush.xphonefree(2103)</td><td>pixelrush/xphonefree/c/a/a</td><td>a.(Canvas;df;III)V</td><td>22</td><td>11</td><td>50.0%</td></tr>
<tr><td>pixelrush.xphonefree(2103)</td><td>pixelrush/xphonefree/c/a/a</td><td>a.(Canvas;Rect;IZZ)V</td><td>48</td><td>16</td><td>33.33%</td></tr>
<tr><td>pixelrush.xphonefree(2103)</td><td>pixelrush/xphonefree/c/a/a</td><td>a.(am;)Z</td><td>4</td><td>1</td><td>25.0%</td></tr>
<tr><td>pixelrush.xphonefree(2103)</td><td>pixelrush/xphonefree/c/e/a</td><td>a.(ZZ)V</td><td>10</td><td>6</td><td>60.0%</td></tr>
<tr><td>pixelrush.xphonefree(2103)</td><td>pixelrush/xphonefree/c/e/a</td><td>a.(II)V</td><td>4</td><td>2</td><td>50.0%</td></tr>
<tr><td>pixelrush.xphonefree(2103)</td><td>a/a/a/a</td><td>().()V</td><td>10</td><td>10</td><td>100.0%</td></tr>
<tr><td>pixelrush.xphonefree(2103)</td><td>a/a/a/a</td><td>a.([CII)[B</td><td>32</td><td>20</td><td>62.5%</td></tr>
<tr><td>pixelrush.xphonefree(2103)</td><td>pixelrush/xphonefree/c/a/q</td><td>c.()V</td><td>4</td><td>2</td><td>50.0%</td></tr>
<tr><td>pixelrush.xphonefree(2103)</td><td>pixelrush/xphonefree/c/a/q</td><td>onDraw.(Canvas;)V</td><td>6</td><td>3</td><td>50.0%</td></tr>
<tr><td>pixelrush.xphonefree(2103)</td><td>pixelrush/xphonefree/c/a/q</td><td>setVisibility.(I)V</td><td>6</td><td>5</td><td>83.33%</td></tr>
<tr><td>pixelrush.xphonefree(2103)</td><td>pixelrush/xphonefree/c/a/q</td><td>d.()V</td><td>10</td><td>6</td><td>60.0%</td></tr>
<tr><td>pixelrush.xphonefree(2103)</td><td>pixelrush/xphonefree/c/a/q</td><td>a.(Z)I</td><td>2</td><td>2</td><td>100.0%</td></tr>
<tr><td>pixelrush.xphonefree(2103)</td><td>pixelrush/xphonefree/er</td><td>run.()V</td><td>14</td><td>6</td><td>42.85%</td></tr>
<tr><td>pixelrush.xphonefree(2103)</td><td>pixelrush/xphonefree/c/a/r</td><td>onTextChanged.(CharSequence;III)V</td><td>2</td><td>1</td><td>50.0%</td></tr>
<tr><td>pixelrush.xphonefree(2103)</td><td>pixelrush/xphonefree/c/a/i</td><td>a.(cb;)V</td><td>2</td><td>1</td><td>50.0%</td></tr>
<tr><td>pixelrush.xphonefree(2103)</td><td>pixelrush/xphonefree/c/a/i</td><td>a.(Z)V</td><td>2</td><td>1</td><td>50.0%</td></tr>
<tr><td>pixelrush.xphonefree(2103)</td><td>pixelrush/xphonefree/c/a/i</td><td>a.(ZZ)V</td><td>10</td><td>6</td><td>60.0%</td></tr>
<tr><td>pixelrush.xphonefree(2103)</td><td>pixelrush/xphonefree/c/a/i</td><td>setVisibility.(I)V</td><td>6</td><td>5</td><td>83.33%</td></tr>
<tr><td>pixelrush.xphonefree(2103)</td><td>pixelrush/xphonefree/c/e/c</td><td>a.(av;j;bm;ac;String;Z)V</td><td>12</td><td>8</td><td>66.66%</td></tr>
<tr><td>pixelrush.xphonefree(2103)</td><td>pixelrush/xphonefree/c/e/c</td><td>onDraw.(Canvas;)V</td><td>42</td><td>10</td><td>23.8%</td></tr>
<tr><td>pixelrush.xphonefree(2103)</td><td>pixelrush/xphonefree/c/e/b</td><td>onDraw.(Canvas;)V</td><td>10</td><td>5</td><td>50.0%</td></tr>
<tr><td>pixelrush.xphonefree(2103)</td><td>pixelrush/xphonefree/c/a/k</td><td>on</td><td>4</td><td>2</td><td>50.0%</td></tr>
<tr><td>pixelrush.xphonefree(2103)</td><td>pixelrush/xphonefree/c/a/k</td><td>e.()V</td><td>18</td><td>5</td><td>27.77%</td></tr>
<tr><td>pixelrush.xphonefree(2103)</td><td>pixelrush/xphonefree/c/a/k</td><td>a.(IIZ)V</td><td>62</td><td>5</td><td>8.06%</td></tr>
<tr><td>pixelrush.xphonefree(2103)</td><td>pixelrush/xphonefree/c/a/k</td><td>b.(Z)V</td><td>4</td><td>2</td><td>50.0%</td></tr>
<tr><td>pixelrush.xphonefree(2103)</td><td>c/a/a/db</td><td>t.()Z</td><td>4</td><td>2</td><td>50.0%</td></tr>
<tr><td>pixelrush.xphonefree(2103)</td><td>c/a/a/db</td><td>dispatchWindowVisibilityChanged.(I)V</td><td>2</td><td>1</td><td>50.0%</td></tr>
<tr><td>pixelrush.xphonefree(2103)</td><td>c/a/a/db</td><td>a.(IZ)Z</td><td>6</td><td>2</td><td>33.33%</td></tr>
<tr><td>pixelrush.xphonefree(2103)</td><td>c/a/a/db</td><td>setVisibility.(I)V</td><td>6</td><td>4</td><td>66.66%</td></tr>
<tr><td>pixelrush.xphonefree(2103)</td><td>c/a/a/db</td><td>setScrollBar.(do;)V</td><td>4</td><td>3</td><td>75.0%</td></tr>
<tr><td>pixelrush.xphonefree(2103)</td><td>c/a/a/db</td><td>D.()V</td><td>54</td><td>32</td><td>59.25%</td></tr>
<tr><td>pixelrush.xphonefree(2103)</td><td>c/a/a/db</td><td>a.(ArrayList;ZZ)V</td><td>10</td><td>9</td><td>90.0%</td></tr>
<tr><td>pixelrush.xphonefree(2103)</td><td>c/a/a/db</td><td>j.()Z</td><td>2</td><td>1</td><td>50.0%</td></tr>
<tr><td>pixelrush.xphonefree(2103)</td><td>c/a/a/db</td><td>c.(III)V</td><td>4</td><td>3</td><td>75.0%</td></tr>
<tr><td>pixelrush.xphonefree(2103)</td><td>c/a/a/db</td><td>f.(I)de;</td><td>4</td><td>4</td><td>100.0%</td></tr>
<tr><td>pixelrush.xphonefree(2103)</td><td>c/a/a/db</td><td>G.()V</td><td>44</td><td>2</td><td>4.54%</td></tr>
<tr><td>pixelrush.xphonefree(2103)</td><td>c/a/a/db</td><td>x.()Z</td><td>4</td><td>2</td><td>50.0%</td></tr>
<tr><td>pixelrush.xphonefree(2103)</td><td>c/a/a/db</td><td>d.(I)V</td><td>10</td><td>2</td><td>20.0%</td></tr>
<tr><td>pixelrush.xphonefree(2103)</td><td>c/a/a/db</td><td>y.()V</td><td>4</td><td>3</td><td>75.0%</td></tr>
<tr><td>pixelrush.xphonefree(2103)</td><td>c/a/a/db</td><td>F.()Z</td><td>6</td><td>2</td><td>33.33%</td></tr>
<tr><td>pixelrush.xphonefree(2103)</td><td>c/a/a/db</td><td>on</td><td>2</td><td>1</td><td>50.0%</td></tr>
<tr><td>pixelrush.xphonefree(2103)</td><td>c/a/a/db</td><td>o.()Z</td><td>8</td><td>1</td><td>12.5%</td></tr>
<tr><td>pixelrush.xphonefree(2103)</td><td>c/a/a/db</td><td>n.()Z</td><td>4</td><td>2</td><td>50.0%</td></tr>
<tr><td>pixelrush.xphonefree(2103)</td><td>c/a/a/db</td><td>w.()V</td><td>12</td><td>4</td><td>33.33%</td></tr>
<tr><td>pixelrush.xphonefree(2103)</td><td>c/a/a/db</td><td>A.()V</td><td>8</td><td>6</td><td>75.0%</td></tr>
<tr><td>pixelrush.xphonefree(2103)</td><td>c/a/a/db</td><td>v.()V</td><td>4</td><td>3</td><td>75.0%</td></tr>
<tr><td>pixelrush.xphonefree(2103)</td><td>c/a/a/db</td><td>l.()V</td><td>2</td><td>2</td><td>100.0%</td></tr>
<tr><td>pixelrush.xphonefree(2103)</td><td>c/a/a/db</td><td>e.(I)I</td><td>20</td><td>8</td><td>40.0%</td></tr>
<tr><td>pixelrush.xphonefree(2103)</td><td>c/a/a/dc</td><td>handleMessage.(Message;)V</td><td>15</td><td>1</td><td>6.66%</td></tr>
<tr><td>pixelrush.xphonefree(2103)</td><td>c/a/a/da</td><td>v.()V</td><td>2</td><td>1</td><td>50.0%</td></tr>
<tr><td>pixelrush.xphonefree(2103)</td><td>c/a/a/df</td><td>a.(IZZ)V</td><td>42</td><td>4</td><td>9.52%</td></tr>
<tr><td>pixelrush.xphonefree(2103)</td><td>c/a/a/df</td><td>setItem.(I)V</td><td>4</td><td>1</td><td>25.0%</td></tr>
<tr><td>pixelrush.xphonefree(2103)</td><td>c/a/a/dj</td><td>u.()V</td><td>2</td><td>1</td><td>50.0%</td></tr>
<tr><td>pixelrush.xphonefree(2103)</td><td>c/a/a/dk</td><td>setData.(ArrayList;)V</td><td>12</td><td>1</td><td>8.33%</td></tr>
<tr><td>pixelrush.xphonefree(2103)</td><td>c/a/a/dk</td><td>b.()V</td><td>14</td><td>3</td><td>21.42%</td></tr>
<tr><td>pixelrush.xphonefree(2103)</td><td>pixelrush/xphonefree/ga</td><td>a.(Boolean;)V</td><td>8</td><td>1</td><td>12.5%</td></tr>
<tr><td>pixelrush.xphonefree(2103)</td><td>c/a/a/do</td><td>a.(III)Z</td><td>6</td><td>5</td><td>83.33%</td></tr>
<tr><td>pixelrush.xphonefree(2103)</td><td>c/a/a/ds</td><td>a.(String;)du;</td><td>8</td><td>1</td><td>12.5%</td></tr>
<tr><td>pixelrush.xphonefree(2103)</td><td>c/a/a/ds</td><td>d.(du;I)Z</td><td>2</td><td>1</td><td>50.0%</td></tr>
<tr><td>pixelrush.xphonefree(2103)</td><td>c/a/a/ds</td><td>a.(I)TypedArray;</td><td>2</td><td>1</td><td>50.0%</td></tr>
<tr><td>pixelrush.xphonefree(2103)</td><td>c/a/a/ds</td><td>a.(du;I)Bitmap;</td><td>2</td><td>1</td><td>50.0%</td></tr>
<tr><td>pixelrush.xphonefree(2103)</td><td>c/a/a/ds</td><td>f.(I)Pair;</td><td>6</td><td>3</td><td>50.0%</td></tr>
<tr><td>pixelrush.xphonefree(2103)</td><td>c/a/a/ds</td><td>b.(du;I)Z</td><td>10</td><td>6</td><td>60.0%</td></tr>
<tr><td>pixelrush.xphonefree(2103)</td><td>c/a/a/ds</td><td>c.(du;I)I</td><td>2</td><td>1</td><td>50.0%</td></tr>
<tr><td>pixelrush.xphonefree(2103)</td><td>c/a/a/ds</td><td>b.(I)I</td><td>2</td><td>1</td><td>50.0%</td></tr>
<tr><td>pixelrush.xphonefree(2103)</td><td>c/a/a/dp</td><td>a.(String;Z)V</td><td>4</td><td>1</td><td>25.0%</td></tr>
<tr><td>pixelrush.xphonefree(2103)</td><td>c/a/a/dp</td><td>a.(dp;)V</td><td>2</td><td>1</td><td>50.0%</td></tr>
<tr><td>pixelrush.xphonefree(2103)</td><td>c/a/a/dp</td><td>a.(IZ)Z</td><td>2</td><td>1</td><td>50.0%</td></tr>
<tr><td>pixelrush.xphonefree(2103)</td><td>c/a/a/dp</td><td>a.(SharedPreferences$Editor;)V</td><td>8</td><td>6</td><td>75.0%</td></tr>
<tr><td>pixelrush.xphonefree(2103)</td><td>c/a/a/dp</td><td>c.(I)TextPaint;</td><td>6</td><td>5</td><td>83.33%</td></tr>
<tr><td>pixelrush.xphonefree(2103)</td><td>c/a/a/dp</td><td>a.(SharedPreferences;)V</td><td>8</td><td>5</td><td>62.5%</td></tr>
<tr><td>pixelrush.xphonefree(2103)</td><td>c/a/a/dp</td><td>().(IIEnum;Enum;Enum;)V</td><td>2</td><td>2</td><td>100.0%</td></tr>
<tr><td>pixelrush.xphonefree(2103)</td><td>c/a/a/du</td><td>a.(IString;)I</td><td>12</td><td>7</td><td>58.33%</td></tr>
<tr><td>pixelrush.xphonefree(2103)</td><td>c/a/a/du</td><td>b.()Z</td><td>4</td><td>2</td><td>50.0%</td></tr>
<tr><td>pixelrush.xphonefree(2103)</td><td>c/a/a/du</td><td>e.()I</td><td>2</td><td>1</td><td>50.0%</td></tr>
<tr><td>pixelrush.xphonefree(2103)</td><td>c/a/a/dz</td><td>().()V</td><td>2</td><td>2</td><td>100.0%</td></tr>
<tr><td>pixelrush.xphonefree(2103)</td><td>pixelrush/xphonefree/b/a</td><td>().(String;)V</td><td>2</td><td>1</td><td>50.0%</td></tr>
<tr><td>pixelrush.xphonefree(2103)</td><td>pixelrush/xphonefree/b/a</td><td>a.()V</td><td>2</td><td>1</td><td>50.0%</td></tr>
<tr><td>pixelrush.xphonefree(2103)</td><td>pixelrush/xphonefree/b/a</td><td>b.()V</td><td>8</td><td>3</td><td>37.5%</td></tr>
<tr><td>pixelrush.xphonefree(2103)</td><td>pixelrush/xphonefree/b/c</td><td>a.([File;)Void;</td><td>8</td><td>3</td><td>37.5%</td></tr>
<tr><td>pixelrush.xphonefree(2103)</td><td>pixelrush/xphonefree/b/d</td><td>z.()Z</td><td>2</td><td>2</td><td>100.0%</td></tr>
<tr><td>pixelrush.xphonefree(2103)</td><td>pixelrush/xphonefree/b/d</td><td>a.(IIZ)V</td><td>24</td><td>13</td><td>54.16%</td></tr>
<tr><td>pixelrush.xphonefree(2103)</td><td>pixelrush/xphonefree/b/d</td><td>i.(Z)V</td><td>6</td><td>4</td><td>66.66%</td></tr>
<tr><td>pixelrush.xphonefree(2103)</td><td>pixelrush/xphonefree/b/d</td><td>e.(II)HashMap;</td><td>2</td><td>2</td><td>100.0%</td></tr>
<tr><td>pixelrush.xphonefree(2103)</td><td>c/a/a/dy</td><td>a.()Z</td><td>2</td><td>1</td><td>50.0%</td></tr>
<tr><td>pixelrush.xphonefree(2103)</td><td>c/a/a/dy</td><td>c.()Z</td><td>2</td><td>1</td><td>50.0%</td></tr>
<tr><td>pixelrush.xphonefree(2103)</td><td>c/a/a/dy</td><td>b.()Z</td><td>2</td><td>1</td><td>50.0%</td></tr>
<tr><td>pixelrush.xphonefree(2103)</td><td>c/a/a/a/ab</td><td>a.()Z</td><td>4</td><td>3</td><td>75.0%</td></tr>
<tr><td>pixelrush.xphonefree(2103)</td><td>c/a/a/a/ab</td><td>f.()Z</td><td>4</td><td>3</td><td>75.0%</td></tr>
<tr><td>pixelrush.xphonefree(2103)</td><td>c/a/a/a/ab</td><td>c.()Z</td><td>4</td><td>3</td><td>75.0%</td></tr>
<tr><td>pixelrush.xphonefree(2103)</td><td>c/a/a/a/ab</td><td>i.()Z</td><td>6</td><td>4</td><td>66.66%</td></tr>
<tr><td>pixelrush.xphonefree(2103)</td><td>c/a/a/a/ab</td><td>g.()Z</td><td>4</td><td>1</td><td>25.0%</td></tr>
<tr><td>pixelrush.xphonefree(2103)</td><td>c/a/a/a/ab</td><td>e.()Z</td><td>4</td><td>1</td><td>25.0%</td></tr>
<tr><td>pixelrush.xphonefree(2103)</td><td>c/a/a/a/ab</td><td>b.()Z</td><td>4</td><td>3</td><td>75.0%</td></tr>
<tr><td>pixelrush.xphonefree(2103)</td><td>c/a/a/a/ab</td><td>d.()Z</td><td>4</td><td>1</td><td>25.0%</td></tr>
<tr><td>pixelrush.xphonefree(2103)</td><td>c/a/a/a/ab</td><td>().(w;cf;Map;cf;)V</td><td>6</td><td>2</td><td>33.33%</td></tr>
<tr><td>pixelrush.xphonefree(2103)</td><td>c/a/a/a/ab</td><td>h.()Z</td><td>4</td><td>1</td><td>25.0%</td></tr>
<tr><td>pixelrush.xphonefree(2103)</td><td>c/a/a/a/ab</td><td>j.()Z</td><td>6</td><td>4</td><td>66.66%</td></tr>
<tr><td>pixelrush.xphonefree(2103)</td><td>c/a/a/a/aa</td><td>a.(Uri;)V</td><td>2</td><td>1</td><td>50.0%</td></tr>
<tr><td>pixelrush.xphonefree(2103)</td><td>pixelrush/xphonefree/c/d/b</td><td>a.(II)V</td><td>10</td><td>3</td><td>30.0%</td></tr>
<tr><td>pixelrush.xphonefree(2103)</td><td>pixelrush/xphonefree/c/d/b</td><td>a.(ax;Z)V</td><td>24</td><td>1</td><td>4.16%</td></tr>
<tr><td>pixelrush.xphonefree(2103)</td><td>pixelrush/xphonefree/c/d/b</td><td>a.(Z)V</td><td>2</td><td>1</td><td>50.0%</td></tr>
<tr><td>pixelrush.xphonefree(2103)</td><td>pixelrush/xphonefree/a/l</td><td>a.()V</td><td>64</td><td>7</td><td>10.93%</td></tr>
<tr><td>pixelrush.xphonefree(2103)</td><td>pixelrush/xphonefree/a/l</td><td>a.(SharedPreferences$Editor;)V</td><td>8</td><td>4</td><td>50.0%</td></tr>
<tr><td>pixelrush.xphonefree(2103)</td><td>pixelrush/xphonefree/a/l</td><td>a.(SharedPreferences;)V</td><td>14</td><td>5</td><td>35.71%</td></tr>
<tr><td>pixelrush.xphonefree(2103)</td><td>pixelrush/xphonefree/a/s</td><td>a.(x;)I</td><td>7</td><td>7</td><td>100.0%</td></tr>
<tr><td>pixelrush.xphonefree(2103)</td><td>pixelrush/xphonefree/a/s</td><td>update.(Observable;Object;)V</td><td>10</td><td>3</td><td>30.0%</td></tr>
<tr><td>pixelrush.xphonefree(2103)</td><td>pixelrush/xphonefree/a/s</td><td>a.(SharedPreferences$Editor;)V</td><td>2</td><td>2</td><td>100.0%</td></tr>
<tr><td>pixelrush.xphonefree(2103)</td><td>pixelrush/xphonefree/a/s</td><td>f.(I)Z</td><td>2</td><td>1</td><td>50.0%</td></tr>
<tr><td>pixelrush.xphonefree(2103)</td><td>pixelrush/xphonefree/a/s</td><td>b.()V</td><td>2</td><td>1</td><td>50.0%</td></tr>
<tr><td>pixelrush.xphonefree(2103)</td><td>pixelrush/xphonefree/a/s</td><td>r.()V</td><td>20</td><td>7</td><td>35.0%</td></tr>
<tr><td>pixelrush.xphonefree(2103)</td><td>pixelrush/xphonefree/a/s</td><td>i.()I</td><td>2</td><td>1</td><td>50.0%</td></tr>
<tr><td>pixelrush.xphonefree(2103)</td><td>pixelrush/xphonefree/a/s</td><td>q.()ArrayList;</td><td>8</td><td>6</td><td>75.0%</td></tr>
<tr><td>pixelrush.xphonefree(2103)</td><td>pixelrush/xphonefree/a/s</td><td>a.(aa;)ab;</td><td>8</td><td>1</td><td>12.5%</td></tr>
<tr><td>pixelrush.xphonefree(2103)</td><td>pixelrush/xphonefree/a/s</td><td>e.(I)aa;</td><td>4</td><td>2</td><td>50.0%</td></tr>
<tr><td>pixelrush.xphonefree(2103)</td><td>pixelrush/xphonefree/a/s</td><td>a.(cb;)V</td><td>4</td><td>3</td><td>75.0%</td></tr>
<tr><td>pixelrush.xphonefree(2103)</td><td>pixelrush/xphonefree/a/s</td><td>a.(Set;)V</td><td>16</td><td>3</td><td>18.75%</td></tr>
<tr><td>pixelrush.xphonefree(2103)</td><td>pixelrush/xphonefree/XPhoneApp</td><td>onCreate.()V</td><td>4</td><td>2</td><td>50.0%</td></tr>
<tr><td>pixelrush.xphonefree(2103)</td><td>pixelrush/xphonefree/XPhoneApp</td><td>a.(Z)V</td><td>8</td><td>4</td><td>50.0%</td></tr>
<tr><td>pixelrush.xphonefree(2103)</td><td>pixelrush/xphonefree/c/a/x</td><td>onDraw.(Canvas;)V</td><td>4</td><td>2</td><td>50.0%</td></tr>
<tr><td>pixelrush.xphonefree(2103)</td><td>pixelrush/xphonefree/c/a/x</td><td>a.(Z)I</td><td>10</td><td>6</td><td>60.0%</td></tr>
<tr><td>pixelrush.xphonefree(2103)</td><td>pixelrush/xphonefree/a/az</td><td>t.()V</td><td>26</td><td>12</td><td>46.15%</td></tr>
<tr><td>pixelrush.xphonefree(2103)</td><td>pixelrush/xphonefree/a/az</td><td>c.(String;Z)Z</td><td>8</td><td>2</td><td>25.0%</td></tr>
<tr><td>pixelrush.xphonefree(2103)</td><td>pixelrush/xphonefree/a/az</td><td>d.(Z)V</td><td>6</td><td>3</td><td>50.0%</td></tr>
<tr><td>pixelrush.xphonefree(2103)</td><td>pixelrush/xphonefree/a/az</td><td>update.(Observable;Object;)V</td><td>20</td><td>8</td><td>40.0%</td></tr>
<tr><td>pixelrush.xphonefree(2103)</td><td>pixelrush/xphonefree/a/az</td><td>a.(IZZ)String;</td><td>39</td><td>9</td><td>23.07%</td></tr>
<tr><td>pixelrush.xphonefree(2103)</td><td>pixelrush/xphonefree/a/az</td><td>b.()V</td><td>2</td><td>1</td><td>50.0%</td></tr>
<tr><td>pixelrush.xphonefree(2103)</td><td>pixelrush/xphonefree/a/az</td><td>a.(Z)String;</td><td>6</td><td>4</td><td>66.66%</td></tr>
<tr><td>pixelrush.xphonefree(2103)</td><td>pixelrush/xphonefree/a/az</td><td>c.(Z)V</td><td>84</td><td>6</td><td>7.14%</td></tr>
<tr><td>pixelrush.xphonefree(2103)</td><td>pixelrush/xphonefree/a/az</td><td>a.(String;Z)Z</td><td>2</td><td>1</td><td>50.0%</td></tr>
<tr><td>pixelrush.xphonefree(2103)</td><td>pixelrush/xphonefree/a/az</td><td>b.(aa;)z;</td><td>8</td><td>1</td><td>12.5%</td></tr>
<tr><td>pixelrush.xphonefree(2103)</td><td>pixelrush/xphonefree/a/az</td><td>l.()Z</td><td>4</td><td>1</td><td>25.0%</td></tr>
<tr><td>pixelrush.xphonefree(2103)</td><td>pixelrush/xphonefree/a/az</td><td>a.(ZZ)V</td><td>6</td><td>1</td><td>16.66%</td></tr>
<tr><td>pixelrush.xphonefree(2103)</td><td>pixelrush/xphonefree/a/a</td><td>update.(Observable;Object;)V</td><td>20</td><td>11</td><td>55.0%</td></tr>
<tr><td>pixelrush.xphonefree(2103)</td><td>pixelrush/xphonefree/a/a</td><td>C.()V</td><td>12</td><td>4</td><td>33.33%</td></tr>
<tr><td>pixelrush.xphonefree(2103)</td><td>pixelrush/xphonefree/a/a</td><td>a.(SharedPreferences$Editor;)V</td><td>12</td><td>6</td><td>50.0%</td></tr>
<tr><td>pixelrush.xphonefree(2103)</td><td>pixelrush/xphonefree/a/a</td><td>D.()Z</td><td>26</td><td>6</td><td>23.07%</td></tr>
<tr><td>pixelrush.xphonefree(2103)</td><td>pixelrush/xphonefree/a/a</td><td>b.(Z)String;</td><td>2</td><td>2</td><td>100.0%</td></tr>
<tr><td>pixelrush.xphonefree(2103)</td><td>pixelrush/xphonefree/a/a</td><td>b.(String;)Z</td><td>4</td><td>2</td><td>50.0%</td></tr>
<tr><td>pixelrush.xphonefree(2103)</td><td>pixelrush/xphonefree/a/a</td><td>w.()Z</td><td>4</td><td>2</td><td>50.0%</td></tr>
<tr><td>pixelrush.xphonefree(2103)</td><td>pixelrush/xphonefree/a/a</td><td>x.()HashSet;</td><td>2</td><td>1</td><td>50.0%</td></tr>
<tr><td>pixelrush.xphonefree(2103)</td><td>pixelrush/xphonefree/a/a</td><td>a.(k;Z)V</td><td>8</td><td>4</td><td>50.0%</td></tr>
<tr><td>pixelrush.xphonefree(2103)</td><td>pixelrush/xphonefree/a/a</td><td>a.(j;Z)V</td><td>2</td><td>1</td><td>50.0%</td></tr>
<tr><td>pixelrush.xphonefree(2103)</td><td>pixelrush/xphonefree/a/a</td><td>e.()Z</td><td>14</td><td>6</td><td>42.85%</td></tr>
<tr><td>pixelrush.xphonefree(2103)</td><td>pixelrush/xphonefree/a/a</td><td>A.()V</td><td>10</td><td>3</td><td>30.0%</td></tr>
<tr><td>pixelrush.xphonefree(2103)</td><td>pixelrush/xphonefree/a/a</td><td>d.()ar;</td><td>2</td><td>1</td><td>50.0%</td></tr>
<tr><td>pixelrush.xphonefree(2103)</td><td>pixelrush/xphonefree/a/a</td><td>l.()Z</td><td>11</td><td>1</td><td>9.09%</td></tr>
<tr><td>pixelrush.xphonefree(2103)</td><td>pixelrush/xphonefree/a/a</td><td>a.(ZZ)V</td><td>4</td><td>1</td><td>25.0%</td></tr>
<tr><td>pixelrush.xphonefree(2103)</td><td>pixelrush/xphonefree/a/a</td><td>B.()V</td><td>26</td><td>10</td><td>38.46%</td></tr>
<tr><td>pixelrush.xphonefree(2103)</td><td>pixelrush/xphonefree/a/a</td><td>y.()Set;</td><td>13</td><td>2</td><td>15.38%</td></tr>
<tr><td>pixelrush.xphonefree(2103)</td><td>pixelrush/xphonefree/a/bn</td><td>j.()I</td><td>5</td><td>1</td><td>20.0%</td></tr>
<tr><td>pixelrush.xphonefree(2103)</td><td>pixelrush/xphonefree/a/bn</td><td>().()V</td><td>20</td><td>10</td><td>50.0%</td></tr>
<tr><td>pixelrush.xphonefree(2103)</td><td>pixelrush/xphonefree/a/bn</td><td>a.(Idr;)F</td><td>148</td><td>13</td><td>8.78%</td></tr>
<tr><td>pixelrush.xphonefree(2103)</td><td>pixelrush/xphonefree/a/bn</td><td>e.(bw;)bw;</td><td>10</td><td>5</td><td>50.0%</td></tr>
<tr><td>pixelrush.xphonefree(2103)</td><td>pixelrush/xphonefree/a/bn</td><td>a.(Idq;)V</td><td>10</td><td>6</td><td>60.0%</td></tr>
<tr><td>pixelrush.xphonefree(2103)</td><td>pixelrush/xphonefree/a/bn</td><td>a.(SharedPreferences$Editor;)V</td><td>10</td><td>10</td><td>100.0%</td></tr>
<tr><td>pixelrush.xphonefree(2103)</td><td>pixelrush/xphonefree/a/bn</td><td>k.()I</td><td>5</td><td>1</td><td>20.0%</td></tr>
<tr><td>pixelrush.xphonefree(2103)</td><td>pixelrush/xphonefree/a/bn</td><td>a.(SharedPreferences;)V</td><td>38</td><td>16</td><td>42.1%</td></tr>
<tr><td>pixelrush.xphonefree(2103)</td><td>pixelrush/xphonefree/a/bn</td><td>g.()Z</td><td>6</td><td>2</td><td>33.33%</td></tr>
<tr><td>pixelrush.xphonefree(2103)</td><td>pixelrush/xphonefree/a/bn</td><td>r.()J</td><td>6</td><td>1</td><td>16.66%</td></tr>
<tr><td>pixelrush.xphonefree(2103)</td><td>pixelrush/xphonefree/a/bn</td><td>a.(I)Z</td><td>6</td><td>5</td><td>83.33%</td></tr>
<tr><td>pixelrush.xphonefree(2103)</td><td>pixelrush/xphonefree/a/h</td><td>a.(Uri;e;)V</td><td>22</td><td>6</td><td>27.27%</td></tr>
<tr><td>pixelrush.xphonefree(2103)</td><td>pixelrush/xphonefree/a/h</td><td>a.(Uri;)V</td><td>2</td><td>2</td><td>100.0%</td></tr>
<tr><td>pixelrush.xphonefree(2103)</td><td>pixelrush/xphonefree/a/bk</td><td>b.(I)V</td><td>2</td><td>1</td><td>50.0%</td></tr>
<tr><td>pixelrush.xphonefree(2103)</td><td>pixelrush/xphonefree/a/bk</td><td>a.(Z)V</td><td>10</td><td>3</td><td>30.0%</td></tr>
<tr><td>pixelrush.xphonefree(2103)</td><td>pixelrush/xphonefree/a/bk</td><td>b.(Z)V</td><td>8</td><td>2</td><td>25.0%</td></tr>
<tr><td>pixelrush.xphonefree(2103)</td><td>pixelrush/xphonefree/a/bj</td><td>b.(I)Z</td><td>2</td><td>1</td><td>50.0%</td></tr>
<tr><td>pixelrush.xphonefree(2103)</td><td>pixelrush/xphonefree/a/bj</td><td>a.(SharedPreferences$Editor;)V</td><td>10</td><td>2</td><td>20.0%</td></tr>
<tr><td>pixelrush.xphonefree(2103)</td><td>pixelrush/xphonefree/a/bj</td><td>d.()Z</td><td>28</td><td>1</td><td>3.57%</td></tr>
<tr><td>pixelrush.xphonefree(2103)</td><td>b/b/a/a/a/a/a</td><td>().()V</td><td>2</td><td>1</td><td>50.0%</td></tr>
<tr><td>pixelrush.xphonefree(2103)</td><td>b/b/a/a/a/a/a</td><td>a.([BI[BI[B)I</td><td>4</td><td>3</td><td>75.0%</td></tr>
<tr><td>pixelrush.xphonefree(2103)</td><td>b/b/a/a/a/a/a</td><td>a.([BII[B)[B</td><td>30</td><td>16</td><td>53.33%</td></tr>
<tr><td>pixelrush.xphonefree(2103)</td><td>pixelrush/xphonefree/a/bi</td><td>a.(Uri;)V</td><td>4</td><td>3</td><td>75.0%</td></tr>
