<tr><th>process</th><th>thread id</th><th>permissions</th><th>call stack</th></tr>
<tr class="success"><td>com.android.phone(1488)</td><td>12</td><td>android.permission.WAKE_LOCK<br/>android.permission.WAKE_LOCK<br/>android.permission.WAKE_LOCK</td><td><a data-toggle="modal" data-target="#packet" onclick="setPacket('')">open</a></td></tr>
<tr class="success"><td>com.android.phone(1488)</td><td>12</td><td>android.permission.WAKE_LOCK</td><td><a data-toggle="modal" data-target="#packet" onclick="setPacket('')">open</a></td></tr>
<tr class="success"><td>com.android.phone(1488)</td><td>1</td><td>android.permission.ACCESS_NETWORK_STATE</td><td><a data-toggle="modal" data-target="#packet" onclick="setPacket('')">open</a></td></tr>
<tr class="success"><td>com.android.phone(1488)</td><td>12</td><td>android.permission.WAKE_LOCK</td><td><a data-toggle="modal" data-target="#packet" onclick="setPacket('')">open</a></td></tr>
<tr class="success"><td>com.android.phone(1488)</td><td>12</td><td>android.permission.WAKE_LOCK</td><td><a data-toggle="modal" data-target="#packet" onclick="setPacket('')">open</a></td></tr>
<tr class="success"><td>com.android.phone(1488)</td><td>1</td><td>android.permission.MODIFY_PHONE_STATE</td><td><a data-toggle="modal" data-target="#packet" onclick="setPacket('')">open</a></td></tr>
<tr class="success"><td>com.android.phone(1488)</td><td>1</td><td>android.permission.CONNECTIVITY_INTERNAL</td><td><a data-toggle="modal" data-target="#packet" onclick="setPacket('')">open</a></td></tr>
<tr class="success"><td>com.android.phone(1488)</td><td>1</td><td>android.permission.CONNECTIVITY_INTERNAL</td><td><a data-toggle="modal" data-target="#packet" onclick="setPacket('')">open</a></td></tr>
<tr class="success"><td>com.android.phone(1488)</td><td>1</td><td>android.permission.CONNECTIVITY_INTERNAL</td><td><a data-toggle="modal" data-target="#packet" onclick="setPacket('')">open</a></td></tr>
<tr class="success"><td>com.android.phone(1488)</td><td>1</td><td>android.permission.CONNECTIVITY_INTERNAL</td><td><a data-toggle="modal" data-target="#packet" onclick="setPacket('')">open</a></td></tr>
<tr class="success"><td>com.android.phone(1488)</td><td>1</td><td>android.permission.CONNECTIVITY_INTERNAL</td><td><a data-toggle="modal" data-target="#packet" onclick="setPacket('')">open</a></td></tr>
<tr class="success"><td>com.android.phone(1488)</td><td>1</td><td>android.permission.CONNECTIVITY_INTERNAL</td><td><a data-toggle="modal" data-target="#packet" onclick="setPacket('')">open</a></td></tr>
<tr class="success"><td>com.android.phone(1488)</td><td>1</td><td>android.permission.CONNECTIVITY_INTERNAL</td><td><a data-toggle="modal" data-target="#packet" onclick="setPacket('')">open</a></td></tr>
<tr class="success"><td>com.android.phone(1488)</td><td>1</td><td>android.permission.CONNECTIVITY_INTERNAL</td><td><a data-toggle="modal" data-target="#packet" onclick="setPacket('')">open</a></td></tr>
<tr class="success"><td>com.android.phone(1488)</td><td>1</td><td>com.android.smspush.WAPPUSH_MANAGER_BIND</td><td><a data-toggle="modal" data-target="#packet" onclick="setPacket('')">open</a></td></tr>
<tr class="success"><td>com.android.phone(1488)</td><td>1</td><td>android.permission.WAKE_LOCK</td><td><a data-toggle="modal" data-target="#packet" onclick="setPacket('')">open</a></td></tr>
<tr class="success"><td>com.android.phone(1488)</td><td>1</td><td>android.permission.WAKE_LOCK</td><td><a data-toggle="modal" data-target="#packet" onclick="setPacket('')">open</a></td></tr>
<tr class="success"><td>com.android.phone(1488)</td><td>1</td><td>com.android.smspush.WAPPUSH_MANAGER_BIND</td><td><a data-toggle="modal" data-target="#packet" onclick="setPacket('')">open</a></td></tr>
<tr class="success"><td>com.android.phone(1488)</td><td>1</td><td>android.permission.WAKE_LOCK</td><td><a data-toggle="modal" data-target="#packet" onclick="setPacket('')">open</a></td></tr>
<tr class="success"><td>com.android.phone(1488)</td><td>1</td><td>android.permission.WAKE_LOCK</td><td><a data-toggle="modal" data-target="#packet" onclick="setPacket('')">open</a></td></tr>
<tr class="info"><td>com.android.phone(1488)</td><td>20</td><td>android.permission.READ_CALL_LOG</td><td><a data-toggle="modal" data-target="#packet" onclick="setPacket('')">open</a></td></tr>
<tr class="success"><td>com.android.phone(1488)</td><td>1</td><td>android.permission.WAKE_LOCK</td><td><a data-toggle="modal" data-target="#packet" onclick="setPacket('')">open</a></td></tr>
<tr class="success"><td>com.android.phone(1488)</td><td>1</td><td>android.permission.INTERACT_ACROSS_USERS<br/>android.permission.INTERACT_ACROSS_USERS_FULL<br/>android.permission.BROADCAST_STICKY</td><td><a data-toggle="modal" data-target="#packet" onclick="setPacket('')">open</a></td></tr>
<tr class="info"><td>com.android.phone(1488)</td><td>21</td><td>android.permission.READ_CONTACTS</td><td><a data-toggle="modal" data-target="#packet" onclick="setPacket('')">open</a></td></tr>
<tr class="success"><td>com.android.phone(1488)</td><td>12</td><td>android.permission.WAKE_LOCK</td><td><a data-toggle="modal" data-target="#packet" onclick="setPacket('')">open</a></td></tr>
<tr class="success"><td>com.android.phone(1488)</td><td>1</td><td>android.permission.UPDATE_APP_OPS_STATS</td><td><a data-toggle="modal" data-target="#packet" onclick="setPacket('')">open</a></td></tr>
<tr class="success"><td>com.android.phone(1488)</td><td>1</td><td>android.permission.WAKE_LOCK</td><td><a data-toggle="modal" data-target="#packet" onclick="setPacket('')">open</a></td></tr>
<tr class="warning"><td>com.android.phone(1488)</td><td>1</td><td>android.permission.READ_PHONE_STATE</td><td><a data-toggle="modal" data-target="#packet" onclick="setPacket('')">open</a></td></tr>
<tr class="success"><td>com.android.phone(1488)</td><td>1</td><td>android.permission.WAKE_LOCK</td><td><a data-toggle="modal" data-target="#packet" onclick="setPacket('')">open</a></td></tr>
<tr class="success"><td>com.android.phone(1488)</td><td>1</td><td>android.permission.INTERACT_ACROSS_USERS<br/>android.permission.INTERACT_ACROSS_USERS_FULL<br/>android.permission.BROADCAST_STICKY</td><td><a data-toggle="modal" data-target="#packet" onclick="setPacket('')">open</a></td></tr>
<tr class="success"><td>com.android.phone(1488)</td><td>1</td><td>android.permission.MODIFY_PHONE_STATE<br/>android.permission.INTERACT_ACROSS_USERS<br/>android.permission.INTERACT_ACROSS_USERS_FULL<br/>android.permission.BROADCAST_STICKY</td><td><a data-toggle="modal" data-target="#packet" onclick="setPacket('')">open</a></td></tr>
<tr class="success"><td>com.android.phone(1488)</td><td>1</td><td>android.permission.MODIFY_PHONE_STATE<br/>android.permission.INTERACT_ACROSS_USERS<br/>android.permission.INTERACT_ACROSS_USERS_FULL<br/>android.permission.BROADCAST_STICKY</td><td><a data-toggle="modal" data-target="#packet" onclick="setPacket('')">open</a></td></tr>
<tr class="success"><td>com.android.phone(1488)</td><td>1</td><td>android.permission.MODIFY_PHONE_STATE<br/>android.permission.INTERACT_ACROSS_USERS<br/>android.permission.INTERACT_ACROSS_USERS_FULL<br/>android.permission.BROADCAST_STICKY</td><td><a data-toggle="modal" data-target="#packet" onclick="setPacket('')">open</a></td></tr>
<tr class="success"><td>com.android.phone(1488)</td><td>1</td><td>android.permission.MODIFY_PHONE_STATE<br/>android.permission.INTERACT_ACROSS_USERS<br/>android.permission.INTERACT_ACROSS_USERS_FULL<br/>android.permission.BROADCAST_STICKY</td><td><a data-toggle="modal" data-target="#packet" onclick="setPacket('')">open</a></td></tr>
<tr class="success"><td>com.android.phone(1488)</td><td>1</td><td>android.permission.MODIFY_PHONE_STATE<br/>android.permission.INTERACT_ACROSS_USERS<br/>android.permission.INTERACT_ACROSS_USERS_FULL<br/>android.permission.BROADCAST_STICKY</td><td><a data-toggle="modal" data-target="#packet" onclick="setPacket('')">open</a></td></tr>
<tr class="success"><td>com.android.phone(1488)</td><td>1</td><td>android.permission.MODIFY_PHONE_STATE<br/>android.permission.INTERACT_ACROSS_USERS<br/>android.permission.INTERACT_ACROSS_USERS_FULL<br/>android.permission.BROADCAST_STICKY</td><td><a data-toggle="modal" data-target="#packet" onclick="setPacket('')">open</a></td></tr>
<tr class="success"><td>com.android.phone(1488)</td><td>1</td><td>android.permission.MODIFY_PHONE_STATE<br/>android.permission.INTERACT_ACROSS_USERS<br/>android.permission.INTERACT_ACROSS_USERS_FULL<br/>android.permission.BROADCAST_STICKY</td><td><a data-toggle="modal" data-target="#packet" onclick="setPacket('')">open</a></td></tr>
<tr class="success"><td>com.android.phone(1488)</td><td>1</td><td>android.permission.MODIFY_PHONE_STATE<br/>android.permission.INTERACT_ACROSS_USERS<br/>android.permission.INTERACT_ACROSS_USERS_FULL<br/>android.permission.BROADCAST_STICKY</td><td><a data-toggle="modal" data-target="#packet" onclick="setPacket('')">open</a></td></tr>
<tr class="success"><td>com.android.phone(1488)</td><td>1</td><td>android.permission.MODIFY_PHONE_STATE<br/>android.permission.INTERACT_ACROSS_USERS<br/>android.permission.INTERACT_ACROSS_USERS_FULL<br/>android.permission.BROADCAST_STICKY</td><td><a data-toggle="modal" data-target="#packet" onclick="setPacket('')">open</a></td></tr>
<tr class="success"><td>com.android.phone(1488)</td><td>1</td><td>android.permission.MODIFY_PHONE_STATE<br/>android.permission.INTERACT_ACROSS_USERS<br/>android.permission.INTERACT_ACROSS_USERS_FULL<br/>android.permission.BROADCAST_STICKY</td><td><a data-toggle="modal" data-target="#packet" onclick="setPacket('')">open</a></td></tr>
<tr class="success"><td>com.android.phone(1488)</td><td>1</td><td>android.permission.MODIFY_PHONE_STATE<br/>android.permission.INTERACT_ACROSS_USERS<br/>android.permission.INTERACT_ACROSS_USERS_FULL<br/>android.permission.BROADCAST_STICKY</td><td><a data-toggle="modal" data-target="#packet" onclick="setPacket('')">open</a></td></tr>
<tr class="success"><td>com.android.phone(1488)</td><td>1</td><td>android.permission.MODIFY_PHONE_STATE<br/>android.permission.INTERACT_ACROSS_USERS<br/>android.permission.INTERACT_ACROSS_USERS_FULL<br/>android.permission.BROADCAST_STICKY</td><td><a data-toggle="modal" data-target="#packet" onclick="setPacket('')">open</a></td></tr>
<tr class="success"><td>com.android.phone(1488)</td><td>1</td><td>android.permission.MODIFY_PHONE_STATE<br/>android.permission.INTERACT_ACROSS_USERS<br/>android.permission.INTERACT_ACROSS_USERS_FULL<br/>android.permission.BROADCAST_STICKY</td><td><a data-toggle="modal" data-target="#packet" onclick="setPacket('')">open</a></td></tr>
<tr class="success"><td>com.android.phone(1488)</td><td>1</td><td>android.permission.MODIFY_PHONE_STATE<br/>android.permission.INTERACT_ACROSS_USERS<br/>android.permission.INTERACT_ACROSS_USERS_FULL<br/>android.permission.BROADCAST_STICKY</td><td><a data-toggle="modal" data-target="#packet" onclick="setPacket('')">open</a></td></tr>
<tr class="success"><td>com.android.phone(1488)</td><td>1</td><td>android.permission.MODIFY_PHONE_STATE<br/>android.permission.INTERACT_ACROSS_USERS<br/>android.permission.INTERACT_ACROSS_USERS_FULL<br/>android.permission.BROADCAST_STICKY</td><td><a data-toggle="modal" data-target="#packet" onclick="setPacket('')">open</a></td></tr>
<tr class="success"><td>com.android.phone(1488)</td><td>1</td><td>android.permission.MODIFY_PHONE_STATE<br/>android.permission.INTERACT_ACROSS_USERS<br/>android.permission.INTERACT_ACROSS_USERS_FULL<br/>android.permission.BROADCAST_STICKY</td><td><a data-toggle="modal" data-target="#packet" onclick="setPacket('')">open</a></td></tr>
<tr class="success"><td>com.android.phone(1488)</td><td>1</td><td>android.permission.MODIFY_PHONE_STATE<br/>android.permission.INTERACT_ACROSS_USERS<br/>android.permission.INTERACT_ACROSS_USERS_FULL<br/>android.permission.BROADCAST_STICKY</td><td><a data-toggle="modal" data-target="#packet" onclick="setPacket('')">open</a></td></tr>
<tr class="success"><td>com.android.phone(1488)</td><td>1</td><td>android.permission.MODIFY_PHONE_STATE<br/>android.permission.INTERACT_ACROSS_USERS<br/>android.permission.INTERACT_ACROSS_USERS_FULL<br/>android.permission.BROADCAST_STICKY</td><td><a data-toggle="modal" data-target="#packet" onclick="setPacket('')">open</a></td></tr>
<tr class="success"><td>com.android.phone(1488)</td><td>1</td><td>android.permission.MODIFY_PHONE_STATE<br/>android.permission.INTERACT_ACROSS_USERS<br/>android.permission.INTERACT_ACROSS_USERS_FULL<br/>android.permission.BROADCAST_STICKY</td><td><a data-toggle="modal" data-target="#packet" onclick="setPacket('')">open</a></td></tr>
<tr class="success"><td>com.android.phone(1488)</td><td>1</td><td>android.permission.MODIFY_PHONE_STATE<br/>android.permission.INTERACT_ACROSS_USERS<br/>android.permission.INTERACT_ACROSS_USERS_FULL<br/>android.permission.BROADCAST_STICKY</td><td><a data-toggle="modal" data-target="#packet" onclick="setPacket('')">open</a></td></tr>
<tr class="success"><td>com.android.phone(1488)</td><td>1</td><td>android.permission.MODIFY_PHONE_STATE<br/>android.permission.INTERACT_ACROSS_USERS<br/>android.permission.INTERACT_ACROSS_USERS_FULL<br/>android.permission.BROADCAST_STICKY</td><td><a data-toggle="modal" data-target="#packet" onclick="setPacket('')">open</a></td></tr>
<tr class="success"><td>com.android.phone(1488)</td><td>1</td><td>android.permission.MODIFY_PHONE_STATE<br/>android.permission.INTERACT_ACROSS_USERS<br/>android.permission.INTERACT_ACROSS_USERS_FULL<br/>android.permission.BROADCAST_STICKY</td><td><a data-toggle="modal" data-target="#packet" onclick="setPacket('')">open</a></td></tr>
<tr class="success"><td>com.android.phone(1488)</td><td>1</td><td>android.permission.MODIFY_PHONE_STATE<br/>android.permission.INTERACT_ACROSS_USERS<br/>android.permission.INTERACT_ACROSS_USERS_FULL<br/>android.permission.BROADCAST_STICKY</td><td><a data-toggle="modal" data-target="#packet" onclick="setPacket('')">open</a></td></tr>
<tr class="success"><td>com.android.phone(1488)</td><td>1</td><td>android.permission.MODIFY_PHONE_STATE<br/>android.permission.INTERACT_ACROSS_USERS<br/>android.permission.INTERACT_ACROSS_USERS_FULL<br/>android.permission.BROADCAST_STICKY</td><td><a data-toggle="modal" data-target="#packet" onclick="setPacket('')">open</a></td></tr>
<tr class="success"><td>com.android.phone(1488)</td><td>1</td><td>android.permission.MODIFY_PHONE_STATE<br/>android.permission.INTERACT_ACROSS_USERS<br/>android.permission.INTERACT_ACROSS_USERS_FULL<br/>android.permission.BROADCAST_STICKY</td><td><a data-toggle="modal" data-target="#packet" onclick="setPacket('')">open</a></td></tr>
<tr class="success"><td>com.android.phone(1488)</td><td>12</td><td>android.permission.WAKE_LOCK</td><td><a data-toggle="modal" data-target="#packet" onclick="setPacket('')">open</a></td></tr>
<tr class="success"><td>com.android.phone(1488)</td><td>1</td><td>android.permission.MODIFY_PHONE_STATE<br/>android.permission.INTERACT_ACROSS_USERS<br/>android.permission.INTERACT_ACROSS_USERS_FULL<br/>android.permission.BROADCAST_STICKY</td><td><a data-toggle="modal" data-target="#packet" onclick="setPacket('')">open</a></td></tr>
<tr class="success"><td>com.android.phone(1488)</td><td>1</td><td>android.permission.MODIFY_PHONE_STATE<br/>android.permission.INTERACT_ACROSS_USERS<br/>android.permission.INTERACT_ACROSS_USERS_FULL<br/>android.permission.BROADCAST_STICKY</td><td><a data-toggle="modal" data-target="#packet" onclick="setPacket('')">open</a></td></tr>
<tr class="success"><td>com.android.phone(1488)</td><td>1</td><td>android.permission.MODIFY_PHONE_STATE<br/>android.permission.INTERACT_ACROSS_USERS<br/>android.permission.INTERACT_ACROSS_USERS_FULL<br/>android.permission.BROADCAST_STICKY</td><td><a data-toggle="modal" data-target="#packet" onclick="setPacket('')">open</a></td></tr>
<tr class="success"><td>com.android.phone(1488)</td><td>1</td><td>android.permission.MODIFY_PHONE_STATE<br/>android.permission.INTERACT_ACROSS_USERS<br/>android.permission.INTERACT_ACROSS_USERS_FULL<br/>android.permission.BROADCAST_STICKY</td><td><a data-toggle="modal" data-target="#packet" onclick="setPacket('')">open</a></td></tr>
<tr class="success"><td>com.android.phone(1488)</td><td>1</td><td>android.permission.MODIFY_PHONE_STATE<br/>android.permission.INTERACT_ACROSS_USERS<br/>android.permission.INTERACT_ACROSS_USERS_FULL<br/>android.permission.BROADCAST_STICKY</td><td><a data-toggle="modal" data-target="#packet" onclick="setPacket('')">open</a></td></tr>
<tr class="success"><td>com.android.phone(1488)</td><td>1</td><td>android.permission.MODIFY_PHONE_STATE<br/>android.permission.INTERACT_ACROSS_USERS<br/>android.permission.INTERACT_ACROSS_USERS_FULL<br/>android.permission.BROADCAST_STICKY</td><td><a data-toggle="modal" data-target="#packet" onclick="setPacket('')">open</a></td></tr>
<tr class="success"><td>com.android.phone(1488)</td><td>1</td><td>android.permission.MODIFY_PHONE_STATE<br/>android.permission.INTERACT_ACROSS_USERS<br/>android.permission.INTERACT_ACROSS_USERS_FULL<br/>android.permission.BROADCAST_STICKY</td><td><a data-toggle="modal" data-target="#packet" onclick="setPacket('')">open</a></td></tr>
<tr class="success"><td>com.android.phone(1488)</td><td>1</td><td>android.permission.MODIFY_PHONE_STATE<br/>android.permission.INTERACT_ACROSS_USERS<br/>android.permission.INTERACT_ACROSS_USERS_FULL<br/>android.permission.BROADCAST_STICKY</td><td><a data-toggle="modal" data-target="#packet" onclick="setPacket('')">open</a></td></tr>
<tr class="success"><td>com.android.phone(1488)</td><td>1</td><td>android.permission.WAKE_LOCK</td><td><a data-toggle="modal" data-target="#packet" onclick="setPacket('')">open</a></td></tr>
<tr class="success"><td>com.android.phone(1488)</td><td>1</td><td>android.permission.WAKE_LOCK</td><td><a data-toggle="modal" data-target="#packet" onclick="setPacket('')">open</a></td></tr>
<tr class="success"><td>com.android.phone(1488)</td><td>1</td><td>android.permission.WAKE_LOCK</td><td><a data-toggle="modal" data-target="#packet" onclick="setPacket('')">open</a></td></tr>
<tr class="success"><td>com.android.phone(1488)</td><td>1</td><td>android.permission.WAKE_LOCK</td><td><a data-toggle="modal" data-target="#packet" onclick="setPacket('')">open</a></td></tr>
<tr class="success"><td>com.android.phone(1488)</td><td>1</td><td>android.permission.WAKE_LOCK</td><td><a data-toggle="modal" data-target="#packet" onclick="setPacket('')">open</a></td></tr>
<tr class="success"><td>com.android.phone(1488)</td><td>1</td><td>android.permission.WAKE_LOCK</td><td><a data-toggle="modal" data-target="#packet" onclick="setPacket('')">open</a></td></tr>
<tr class="success"><td>com.android.phone(1488)</td><td>1</td><td>android.permission.WAKE_LOCK</td><td><a data-toggle="modal" data-target="#packet" onclick="setPacket('')">open</a></td></tr>
<tr class="success"><td>com.android.phone(1488)</td><td>1</td><td>android.permission.WAKE_LOCK</td><td><a data-toggle="modal" data-target="#packet" onclick="setPacket('')">open</a></td></tr>
<tr class="success"><td>com.android.phone(1488)</td><td>1</td><td>android.permission.WAKE_LOCK</td><td><a data-toggle="modal" data-target="#packet" onclick="setPacket('')">open</a></td></tr>
<tr class="success"><td>com.android.phone(1488)</td><td>1</td><td>android.permission.WAKE_LOCK</td><td><a data-toggle="modal" data-target="#packet" onclick="setPacket('')">open</a></td></tr>
<tr class="success"><td>com.android.phone(1488)</td><td>1</td><td>android.permission.WAKE_LOCK</td><td><a data-toggle="modal" data-target="#packet" onclick="setPacket('')">open</a></td></tr>
<tr class="success"><td>com.android.phone(1488)</td><td>1</td><td>android.permission.WAKE_LOCK</td><td><a data-toggle="modal" data-target="#packet" onclick="setPacket('')">open</a></td></tr>
<tr class="success"><td>com.android.phone(1488)</td><td>1</td><td>android.permission.WAKE_LOCK</td><td><a data-toggle="modal" data-target="#packet" onclick="setPacket('')">open</a></td></tr>
<tr class="success"><td>com.android.phone(1488)</td><td>1</td><td>android.permission.INTERACT_ACROSS_USERS<br/>android.permission.INTERACT_ACROSS_USERS_FULL<br/>android.permission.BROADCAST_STICKY</td><td><a data-toggle="modal" data-target="#packet" onclick="setPacket('')">open</a></td></tr>
<tr class="success"><td>com.android.phone(1488)</td><td>1</td><td>android.permission.MODIFY_PHONE_STATE<br/>android.permission.INTERACT_ACROSS_USERS<br/>android.permission.INTERACT_ACROSS_USERS_FULL<br/>android.permission.BROADCAST_STICKY</td><td><a data-toggle="modal" data-target="#packet" onclick="setPacket('')">open</a></td></tr>
<tr class="success"><td>com.android.phone(1488)</td><td>12</td><td>android.permission.WAKE_LOCK</td><td><a data-toggle="modal" data-target="#packet" onclick="setPacket('')">open</a></td></tr>
<tr class="success"><td>com.android.phone(1488)</td><td>1</td><td>android.permission.WAKE_LOCK</td><td><a data-toggle="modal" data-target="#packet" onclick="setPacket('')">open</a></td></tr>
<tr class="success"><td>com.android.phone(1488)</td><td>12</td><td>android.permission.WAKE_LOCK</td><td><a data-toggle="modal" data-target="#packet" onclick="setPacket('')">open</a></td></tr>
<tr class="success"><td>com.android.phone(1488)</td><td>1</td><td>android.permission.WAKE_LOCK</td><td><a data-toggle="modal" data-target="#packet" onclick="setPacket('')">open</a></td></tr>
<tr class="success"><td>com.android.phone(1488)</td><td>1</td><td>android.permission.WAKE_LOCK</td><td><a data-toggle="modal" data-target="#packet" onclick="setPacket('')">open</a></td></tr>
<tr class="success"><td>com.android.phone(1488)</td><td>1</td><td>android.permission.WAKE_LOCK</td><td><a data-toggle="modal" data-target="#packet" onclick="setPacket('')">open</a></td></tr>
<tr class="success"><td>com.android.phone(1488)</td><td>1</td><td>android.permission.MODIFY_PHONE_STATE<br/>android.permission.INTERACT_ACROSS_USERS<br/>android.permission.INTERACT_ACROSS_USERS_FULL<br/>android.permission.BROADCAST_STICKY</td><td><a data-toggle="modal" data-target="#packet" onclick="setPacket('')">open</a></td></tr>
<tr class="success"><td>com.android.phone(1488)</td><td>1</td><td>android.permission.MODIFY_PHONE_STATE<br/>android.permission.INTERACT_ACROSS_USERS<br/>android.permission.INTERACT_ACROSS_USERS_FULL<br/>android.permission.BROADCAST_STICKY</td><td><a data-toggle="modal" data-target="#packet" onclick="setPacket('')">open</a></td></tr>
<tr class="success"><td>com.android.phone(1488)</td><td>1</td><td>android.permission.MODIFY_PHONE_STATE<br/>android.permission.INTERACT_ACROSS_USERS<br/>android.permission.INTERACT_ACROSS_USERS_FULL<br/>android.permission.BROADCAST_STICKY</td><td><a data-toggle="modal" data-target="#packet" onclick="setPacket('')">open</a></td></tr>
<tr class="success"><td>com.android.phone(1488)</td><td>1</td><td>android.permission.MODIFY_PHONE_STATE<br/>android.permission.INTERACT_ACROSS_USERS<br/>android.permission.INTERACT_ACROSS_USERS_FULL<br/>android.permission.BROADCAST_STICKY</td><td><a data-toggle="modal" data-target="#packet" onclick="setPacket('')">open</a></td></tr>
<tr class="success"><td>com.android.phone(1488)</td><td>1</td><td>android.permission.MODIFY_PHONE_STATE<br/>android.permission.INTERACT_ACROSS_USERS<br/>android.permission.INTERACT_ACROSS_USERS_FULL<br/>android.permission.BROADCAST_STICKY</td><td><a data-toggle="modal" data-target="#packet" onclick="setPacket('')">open</a></td></tr>
<tr class="success"><td>com.android.phone(1488)</td><td>15</td><td>android.permission.WAKE_LOCK</td><td><a data-toggle="modal" data-target="#packet" onclick="setPacket('')">open</a></td></tr>
<tr class="success"><td>com.android.phone(1488)</td><td>1</td><td>android.permission.MODIFY_PHONE_STATE<br/>android.permission.INTERACT_ACROSS_USERS<br/>android.permission.INTERACT_ACROSS_USERS_FULL<br/>android.permission.BROADCAST_STICKY</td><td><a data-toggle="modal" data-target="#packet" onclick="setPacket('')">open</a></td></tr>
<tr class="success"><td>com.android.phone(1488)</td><td>1</td><td>android.permission.MODIFY_PHONE_STATE<br/>android.permission.INTERACT_ACROSS_USERS<br/>android.permission.INTERACT_ACROSS_USERS_FULL<br/>android.permission.BROADCAST_STICKY</td><td><a data-toggle="modal" data-target="#packet" onclick="setPacket('')">open</a></td></tr>
<tr class="success"><td>com.android.phone(1488)</td><td>1</td><td>android.permission.MODIFY_PHONE_STATE<br/>android.permission.INTERACT_ACROSS_USERS<br/>android.permission.INTERACT_ACROSS_USERS_FULL<br/>android.permission.BROADCAST_STICKY</td><td><a data-toggle="modal" data-target="#packet" onclick="setPacket('')">open</a></td></tr>
<tr class="success"><td>com.android.phone(1488)</td><td>1</td><td>android.permission.MODIFY_PHONE_STATE<br/>android.permission.INTERACT_ACROSS_USERS<br/>android.permission.INTERACT_ACROSS_USERS_FULL<br/>android.permission.BROADCAST_STICKY</td><td><a data-toggle="modal" data-target="#packet" onclick="setPacket('')">open</a></td></tr>
<tr class="success"><td>com.android.phone(1488)</td><td>1</td><td>android.permission.MODIFY_PHONE_STATE<br/>android.permission.INTERACT_ACROSS_USERS<br/>android.permission.INTERACT_ACROSS_USERS_FULL<br/>android.permission.BROADCAST_STICKY</td><td><a data-toggle="modal" data-target="#packet" onclick="setPacket('')">open</a></td></tr>
<tr class="success"><td>com.android.phone(1488)</td><td>1</td><td>android.permission.MODIFY_PHONE_STATE<br/>android.permission.INTERACT_ACROSS_USERS<br/>android.permission.INTERACT_ACROSS_USERS_FULL<br/>android.permission.BROADCAST_STICKY</td><td><a data-toggle="modal" data-target="#packet" onclick="setPacket('')">open</a></td></tr>
<tr class="success"><td>com.android.phone(1488)</td><td>1</td><td>android.permission.MODIFY_PHONE_STATE<br/>android.permission.INTERACT_ACROSS_USERS<br/>android.permission.INTERACT_ACROSS_USERS_FULL<br/>android.permission.BROADCAST_STICKY</td><td><a data-toggle="modal" data-target="#packet" onclick="setPacket('')">open</a></td></tr>
<tr class="success"><td>com.android.phone(1488)</td><td>1</td><td>android.permission.MODIFY_PHONE_STATE<br/>android.permission.INTERACT_ACROSS_USERS<br/>android.permission.INTERACT_ACROSS_USERS_FULL<br/>android.permission.BROADCAST_STICKY</td><td><a data-toggle="modal" data-target="#packet" onclick="setPacket('')">open</a></td></tr>
<tr class="success"><td>com.android.phone(1488)</td><td>1</td><td>android.permission.MODIFY_PHONE_STATE<br/>android.permission.INTERACT_ACROSS_USERS<br/>android.permission.INTERACT_ACROSS_USERS_FULL<br/>android.permission.BROADCAST_STICKY</td><td><a data-toggle="modal" data-target="#packet" onclick="setPacket('')">open</a></td></tr>
<tr class="success"><td>com.android.phone(1488)</td><td>1</td><td>android.permission.WAKE_LOCK</td><td><a data-toggle="modal" data-target="#packet" onclick="setPacket('')">open</a></td></tr>
<tr class="success"><td>com.android.phone(1488)</td><td>1</td><td>android.permission.WAKE_LOCK</td><td><a data-toggle="modal" data-target="#packet" onclick="setPacket('')">open</a></td></tr>
<tr class="success"><td>com.android.phone(1488)</td><td>1</td><td>android.permission.WAKE_LOCK</td><td><a data-toggle="modal" data-target="#packet" onclick="setPacket('')">open</a></td></tr>
<tr class="success"><td>com.android.phone(1488)</td><td>1</td><td>android.permission.WAKE_LOCK</td><td><a data-toggle="modal" data-target="#packet" onclick="setPacket('')">open</a></td></tr>
<tr class="success"><td>com.android.phone(1488)</td><td>1</td><td>android.permission.WAKE_LOCK</td><td><a data-toggle="modal" data-target="#packet" onclick="setPacket('')">open</a></td></tr>
<tr class="success"><td>com.android.phone(1488)</td><td>1</td><td>android.permission.WAKE_LOCK</td><td><a data-toggle="modal" data-target="#packet" onclick="setPacket('')">open</a></td></tr>
<tr class="success"><td>com.android.phone(1488)</td><td>1</td><td>android.permission.WAKE_LOCK</td><td><a data-toggle="modal" data-target="#packet" onclick="setPacket('')">open</a></td></tr>
<tr class="success"><td>com.android.phone(1488)</td><td>1</td><td>android.permission.WAKE_LOCK</td><td><a data-toggle="modal" data-target="#packet" onclick="setPacket('')">open</a></td></tr>
<tr class="success"><td>com.android.phone(1488)</td><td>1</td><td>android.permission.WAKE_LOCK</td><td><a data-toggle="modal" data-target="#packet" onclick="setPacket('')">open</a></td></tr>
<tr class="success"><td>com.android.phone(1488)</td><td>1</td><td>android.permission.WAKE_LOCK</td><td><a data-toggle="modal" data-target="#packet" onclick="setPacket('')">open</a></td></tr>
<tr class="success"><td>com.android.phone(1488)</td><td>1</td><td>android.permission.WAKE_LOCK</td><td><a data-toggle="modal" data-target="#packet" onclick="setPacket('')">open</a></td></tr>
<tr class="success"><td>com.android.phone(1488)</td><td>1</td><td>android.permission.WAKE_LOCK</td><td><a data-toggle="modal" data-target="#packet" onclick="setPacket('')">open</a></td></tr>
<tr class="success"><td>com.android.phone(1488)</td><td>1</td><td>android.permission.WAKE_LOCK</td><td><a data-toggle="modal" data-target="#packet" onclick="setPacket('')">open</a></td></tr>
<tr class="success"><td>com.android.phone(1488)</td><td>1</td><td>android.permission.WAKE_LOCK</td><td><a data-toggle="modal" data-target="#packet" onclick="setPacket('')">open</a></td></tr>
<tr class="success"><td>com.android.phone(1488)</td><td>1</td><td>android.permission.WAKE_LOCK</td><td><a data-toggle="modal" data-target="#packet" onclick="setPacket('')">open</a></td></tr>
<tr class="success"><td>com.android.phone(1488)</td><td>1</td><td>android.permission.WAKE_LOCK</td><td><a data-toggle="modal" data-target="#packet" onclick="setPacket('')">open</a></td></tr>
<tr class="success"><td>com.android.phone(1488)</td><td>1</td><td>android.permission.WAKE_LOCK</td><td><a data-toggle="modal" data-target="#packet" onclick="setPacket('')">open</a></td></tr>
<tr class="success"><td>com.android.phone(1488)</td><td>1</td><td>android.permission.WAKE_LOCK</td><td><a data-toggle="modal" data-target="#packet" onclick="setPacket('')">open</a></td></tr>
<tr class="success"><td>com.android.phone(1488)</td><td>1</td><td>android.permission.WAKE_LOCK</td><td><a data-toggle="modal" data-target="#packet" onclick="setPacket('')">open</a></td></tr>
<tr class="success"><td>com.android.phone(1488)</td><td>1</td><td>android.permission.WAKE_LOCK</td><td><a data-toggle="modal" data-target="#packet" onclick="setPacket('')">open</a></td></tr>
<tr class="success"><td>com.android.phone(1488)</td><td>1</td><td>android.permission.WAKE_LOCK</td><td><a data-toggle="modal" data-target="#packet" onclick="setPacket('')">open</a></td></tr>
<tr class="success"><td>com.android.phone(1488)</td><td>1</td><td>android.permission.WAKE_LOCK</td><td><a data-toggle="modal" data-target="#packet" onclick="setPacket('')">open</a></td></tr>
<tr class="success"><td>com.android.phone(1488)</td><td>1</td><td>android.permission.WAKE_LOCK</td><td><a data-toggle="modal" data-target="#packet" onclick="setPacket('')">open</a></td></tr>
<tr class="success"><td>com.android.phone(1488)</td><td>1</td><td>android.permission.WAKE_LOCK</td><td><a data-toggle="modal" data-target="#packet" onclick="setPacket('')">open</a></td></tr>
<tr class="success"><td>com.android.phone(1488)</td><td>1</td><td>android.permission.WAKE_LOCK</td><td><a data-toggle="modal" data-target="#packet" onclick="setPacket('')">open</a></td></tr>
<tr class="success"><td>com.android.phone(1488)</td><td>1</td><td>android.permission.WAKE_LOCK</td><td><a data-toggle="modal" data-target="#packet" onclick="setPacket('')">open</a></td></tr>
<tr class="success"><td>com.android.phone(1488)</td><td>1</td><td>android.permission.WAKE_LOCK</td><td><a data-toggle="modal" data-target="#packet" onclick="setPacket('')">open</a></td></tr>
<tr class="success"><td>com.android.phone(1488)</td><td>1</td><td>android.permission.INTERACT_ACROSS_USERS<br/>android.permission.INTERACT_ACROSS_USERS_FULL<br/>android.permission.BROADCAST_STICKY</td><td><a data-toggle="modal" data-target="#packet" onclick="setPacket('')">open</a></td></tr>
<tr class="success"><td>com.android.phone(1488)</td><td>1</td><td>android.permission.WAKE_LOCK</td><td><a data-toggle="modal" data-target="#packet" onclick="setPacket('')">open</a></td></tr>
<tr class="success"><td>com.android.phone(1488)</td><td>1</td><td>android.permission.WAKE_LOCK</td><td><a data-toggle="modal" data-target="#packet" onclick="setPacket('')">open</a></td></tr>
<tr class="success"><td>com.android.phone(1488)</td><td>1</td><td>android.permission.WAKE_LOCK</td><td><a data-toggle="modal" data-target="#packet" onclick="setPacket('')">open</a></td></tr>
<tr class="success"><td>com.android.phone(1488)</td><td>1</td><td>android.permission.WAKE_LOCK</td><td><a data-toggle="modal" data-target="#packet" onclick="setPacket('')">open</a></td></tr>
<tr class="success"><td>com.android.phone(1488)</td><td>1</td><td>android.permission.WAKE_LOCK</td><td><a data-toggle="modal" data-target="#packet" onclick="setPacket('')">open</a></td></tr>
<tr class="success"><td>com.android.phone(1488)</td><td>1</td><td>android.permission.WAKE_LOCK</td><td><a data-toggle="modal" data-target="#packet" onclick="setPacket('')">open</a></td></tr>
<tr class="success"><td>com.android.phone(1488)</td><td>1</td><td>android.permission.WAKE_LOCK</td><td><a data-toggle="modal" data-target="#packet" onclick="setPacket('')">open</a></td></tr>
<tr class="success"><td>com.android.phone(1488)</td><td>1</td><td>android.permission.WAKE_LOCK</td><td><a data-toggle="modal" data-target="#packet" onclick="setPacket('')">open</a></td></tr>
<tr class="success"><td>com.android.phone(1488)</td><td>1</td><td>android.permission.WAKE_LOCK</td><td><a data-toggle="modal" data-target="#packet" onclick="setPacket('')">open</a></td></tr>
<tr class="success"><td>com.android.phone(1488)</td><td>1</td><td>android.permission.WAKE_LOCK</td><td><a data-toggle="modal" data-target="#packet" onclick="setPacket('')">open</a></td></tr>
<tr class="success"><td>com.android.phone(1488)</td><td>1</td><td>android.permission.WAKE_LOCK</td><td><a data-toggle="modal" data-target="#packet" onclick="setPacket('')">open</a></td></tr>
<tr class="success"><td>com.android.phone(1488)</td><td>1</td><td>android.permission.WAKE_LOCK</td><td><a data-toggle="modal" data-target="#packet" onclick="setPacket('')">open</a></td></tr>
<tr class="success"><td>com.android.phone(1488)</td><td>1</td><td>android.permission.WAKE_LOCK</td><td><a data-toggle="modal" data-target="#packet" onclick="setPacket('')">open</a></td></tr>
<tr class="success"><td>com.android.phone(1488)</td><td>1</td><td>android.permission.WAKE_LOCK</td><td><a data-toggle="modal" data-target="#packet" onclick="setPacket('')">open</a></td></tr>
<tr class="success"><td>com.android.phone(1488)</td><td>1</td><td>android.permission.WAKE_LOCK</td><td><a data-toggle="modal" data-target="#packet" onclick="setPacket('')">open</a></td></tr>
<tr class="success"><td>com.android.phone(1488)</td><td>1</td><td>android.permission.WAKE_LOCK</td><td><a data-toggle="modal" data-target="#packet" onclick="setPacket('')">open</a></td></tr>
<tr class="success"><td>com.android.phone(1488)</td><td>1</td><td>android.permission.ACCESS_WIFI_STATE<br/>android.permission.CHANGE_WIFI_STATE</td><td><a data-toggle="modal" data-target="#packet" onclick="setPacket('')">open</a></td></tr>
<tr class="success"><td>com.android.phone(1488)</td><td>1</td><td>android.permission.CHANGE_WIFI_STATE</td><td><a data-toggle="modal" data-target="#packet" onclick="setPacket('')">open</a></td></tr>
<tr class="success"><td>com.android.phone(1488)</td><td>1</td><td>android.permission.CHANGE_CONFIGURATION<br/>android.permission.WAKE_LOCK</td><td><a data-toggle="modal" data-target="#packet" onclick="setPacket('')">open</a></td></tr>
<tr class="success"><td>com.android.phone(1488)</td><td>1</td><td>android.permission.INTERACT_ACROSS_USERS<br/>android.permission.INTERACT_ACROSS_USERS_FULL<br/>android.permission.BROADCAST_STICKY</td><td><a data-toggle="modal" data-target="#packet" onclick="setPacket('')">open</a></td></tr>
<tr class="success"><td>com.android.phone(1488)</td><td>1</td><td>android.permission.WAKE_LOCK</td><td><a data-toggle="modal" data-target="#packet" onclick="setPacket('')">open</a></td></tr>
<tr class="success"><td>com.android.phone(1488)</td><td>1</td><td>android.permission.WAKE_LOCK</td><td><a data-toggle="modal" data-target="#packet" onclick="setPacket('')">open</a></td></tr>
<tr class="success"><td>com.android.phone(1488)</td><td>1</td><td>android.permission.CHANGE_WIFI_STATE</td><td><a data-toggle="modal" data-target="#packet" onclick="setPacket('')">open</a></td></tr>
<tr class="success"><td>com.android.phone(1488)</td><td>1</td><td>android.permission.CHANGE_CONFIGURATION</td><td><a data-toggle="modal" data-target="#packet" onclick="setPacket('')">open</a></td></tr>
<tr class="success"><td>com.android.phone(1488)</td><td>1</td><td>android.permission.WAKE_LOCK</td><td><a data-toggle="modal" data-target="#packet" onclick="setPacket('')">open</a></td></tr>
<tr class="success"><td>com.android.phone(1488)</td><td>1</td><td>android.permission.MODIFY_PHONE_STATE</td><td><a data-toggle="modal" data-target="#packet" onclick="setPacket('')">open</a></td></tr>
<tr class="success"><td>com.android.phone(1488)</td><td>1</td><td>android.permission.MODIFY_PHONE_STATE</td><td><a data-toggle="modal" data-target="#packet" onclick="setPacket('')">open</a></td></tr>
<tr class="success"><td>com.android.phone(1488)</td><td>1</td><td>android.permission.WAKE_LOCK</td><td><a data-toggle="modal" data-target="#packet" onclick="setPacket('')">open</a></td></tr>
<tr class="success"><td>com.android.phone(1488)</td><td>1</td><td>android.permission.WRITE_APN_SETTINGS</td><td><a data-toggle="modal" data-target="#packet" onclick="setPacket('')">open</a></td></tr>
<tr class="success"><td>com.android.phone(1488)</td><td>1</td><td>android.permission.INTERACT_ACROSS_USERS<br/>android.permission.INTERACT_ACROSS_USERS_FULL<br/>android.permission.BROADCAST_STICKY</td><td><a data-toggle="modal" data-target="#packet" onclick="setPacket('')">open</a></td></tr>
<tr class="success"><td>com.android.phone(1488)</td><td>1</td><td>android.permission.WRITE_APN_SETTINGS</td><td><a data-toggle="modal" data-target="#packet" onclick="setPacket('')">open</a></td></tr>
<tr class="success"><td>com.android.phone(1488)</td><td>1</td><td>android.permission.WRITE_APN_SETTINGS</td><td><a data-toggle="modal" data-target="#packet" onclick="setPacket('')">open</a></td></tr>
<tr class="success"><td>com.android.phone(1488)</td><td>1</td><td>android.permission.WAKE_LOCK</td><td><a data-toggle="modal" data-target="#packet" onclick="setPacket('')">open</a></td></tr>
<tr class="success"><td>com.android.phone(1488)</td><td>1</td><td>android.permission.MODIFY_PHONE_STATE<br/>android.permission.INTERACT_ACROSS_USERS<br/>android.permission.INTERACT_ACROSS_USERS_FULL<br/>android.permission.BROADCAST_STICKY</td><td><a data-toggle="modal" data-target="#packet" onclick="setPacket('')">open</a></td></tr>
<tr class="success"><td>com.android.phone(1488)</td><td>1</td><td>android.permission.MODIFY_PHONE_STATE<br/>android.permission.INTERACT_ACROSS_USERS<br/>android.permission.INTERACT_ACROSS_USERS_FULL<br/>android.permission.BROADCAST_STICKY</td><td><a data-toggle="modal" data-target="#packet" onclick="setPacket('')">open</a></td></tr>
<tr class="success"><td>com.android.phone(1488)</td><td>1</td><td>android.permission.MODIFY_PHONE_STATE<br/>android.permission.INTERACT_ACROSS_USERS<br/>android.permission.INTERACT_ACROSS_USERS_FULL<br/>android.permission.BROADCAST_STICKY</td><td><a data-toggle="modal" data-target="#packet" onclick="setPacket('')">open</a></td></tr>
<tr class="success"><td>com.android.phone(1488)</td><td>13</td><td>android.permission.WAKE_LOCK</td><td><a data-toggle="modal" data-target="#packet" onclick="setPacket('')">open</a></td></tr>
<tr class="success"><td>com.android.phone(1488)</td><td>1</td><td>android.permission.MODIFY_PHONE_STATE<br/>android.permission.INTERACT_ACROSS_USERS<br/>android.permission.INTERACT_ACROSS_USERS_FULL<br/>android.permission.BROADCAST_STICKY</td><td><a data-toggle="modal" data-target="#packet" onclick="setPacket('')">open</a></td></tr>
<tr class="success"><td>com.android.phone(1488)</td><td>1</td><td>android.permission.MODIFY_PHONE_STATE<br/>android.permission.INTERACT_ACROSS_USERS<br/>android.permission.INTERACT_ACROSS_USERS_FULL<br/>android.permission.BROADCAST_STICKY</td><td><a data-toggle="modal" data-target="#packet" onclick="setPacket('')">open</a></td></tr>
<tr class="success"><td>com.android.phone(1488)</td><td>1</td><td>android.permission.MODIFY_PHONE_STATE<br/>android.permission.INTERACT_ACROSS_USERS<br/>android.permission.INTERACT_ACROSS_USERS_FULL<br/>android.permission.BROADCAST_STICKY</td><td><a data-toggle="modal" data-target="#packet" onclick="setPacket('')">open</a></td></tr>
<tr class="success"><td>com.android.phone(1488)</td><td>1</td><td>android.permission.MODIFY_PHONE_STATE<br/>android.permission.INTERACT_ACROSS_USERS<br/>android.permission.INTERACT_ACROSS_USERS_FULL<br/>android.permission.BROADCAST_STICKY</td><td><a data-toggle="modal" data-target="#packet" onclick="setPacket('')">open</a></td></tr>
<tr class="success"><td>com.android.phone(1488)</td><td>1</td><td>android.permission.MODIFY_PHONE_STATE<br/>android.permission.INTERACT_ACROSS_USERS<br/>android.permission.INTERACT_ACROSS_USERS_FULL<br/>android.permission.BROADCAST_STICKY</td><td><a data-toggle="modal" data-target="#packet" onclick="setPacket('')">open</a></td></tr>
<tr class="success"><td>com.android.phone(1488)</td><td>1</td><td>android.permission.MODIFY_PHONE_STATE<br/>android.permission.INTERACT_ACROSS_USERS<br/>android.permission.INTERACT_ACROSS_USERS_FULL<br/>android.permission.BROADCAST_STICKY</td><td><a data-toggle="modal" data-target="#packet" onclick="setPacket('')">open</a></td></tr>
<tr class="success"><td>com.android.phone(1488)</td><td>1</td><td>android.permission.MODIFY_PHONE_STATE<br/>android.permission.INTERACT_ACROSS_USERS<br/>android.permission.INTERACT_ACROSS_USERS_FULL<br/>android.permission.BROADCAST_STICKY</td><td><a data-toggle="modal" data-target="#packet" onclick="setPacket('')">open</a></td></tr>
<tr class="success"><td>com.android.phone(1488)</td><td>1</td><td>android.permission.MODIFY_PHONE_STATE<br/>android.permission.INTERACT_ACROSS_USERS<br/>android.permission.INTERACT_ACROSS_USERS_FULL<br/>android.permission.BROADCAST_STICKY</td><td><a data-toggle="modal" data-target="#packet" onclick="setPacket('')">open</a></td></tr>
<tr class="success"><td>com.android.phone(1488)</td><td>1</td><td>android.permission.MODIFY_PHONE_STATE<br/>android.permission.INTERACT_ACROSS_USERS<br/>android.permission.INTERACT_ACROSS_USERS_FULL<br/>android.permission.BROADCAST_STICKY</td><td><a data-toggle="modal" data-target="#packet" onclick="setPacket('')">open</a></td></tr>
<tr class="success"><td>com.android.phone(1488)</td><td>1</td><td>android.permission.MODIFY_PHONE_STATE<br/>android.permission.INTERACT_ACROSS_USERS<br/>android.permission.INTERACT_ACROSS_USERS_FULL<br/>android.permission.BROADCAST_STICKY</td><td><a data-toggle="modal" data-target="#packet" onclick="setPacket('')">open</a></td></tr>
<tr class="success"><td>com.android.phone(1488)</td><td>1</td><td>android.permission.MODIFY_PHONE_STATE<br/>android.permission.INTERACT_ACROSS_USERS<br/>android.permission.INTERACT_ACROSS_USERS_FULL<br/>android.permission.BROADCAST_STICKY</td><td><a data-toggle="modal" data-target="#packet" onclick="setPacket('')">open</a></td></tr>
<tr class="success"><td>com.android.phone(1488)</td><td>1</td><td>android.permission.MODIFY_PHONE_STATE<br/>android.permission.INTERACT_ACROSS_USERS<br/>android.permission.INTERACT_ACROSS_USERS_FULL<br/>android.permission.BROADCAST_STICKY</td><td><a data-toggle="modal" data-target="#packet" onclick="setPacket('')">open</a></td></tr>
<tr class="success"><td>com.android.phone(1488)</td><td>1</td><td>android.permission.INTERACT_ACROSS_USERS<br/>android.permission.INTERACT_ACROSS_USERS_FULL<br/>android.permission.BROADCAST_STICKY</td><td><a data-toggle="modal" data-target="#packet" onclick="setPacket('')">open</a></td></tr>
<tr class="success"><td>com.android.phone(1488)</td><td>1</td><td>android.permission.MODIFY_PHONE_STATE<br/>android.permission.INTERACT_ACROSS_USERS<br/>android.permission.INTERACT_ACROSS_USERS_FULL<br/>android.permission.BROADCAST_STICKY</td><td><a data-toggle="modal" data-target="#packet" onclick="setPacket('')">open</a></td></tr>
<tr class="success"><td>com.android.phone(1488)</td><td>18</td><td>android.permission.WAKE_LOCK</td><td><a data-toggle="modal" data-target="#packet" onclick="setPacket('')">open</a></td></tr>
<tr class="success"><td>com.android.phone(1488)</td><td>17</td><td>android.permission.WAKE_LOCK</td><td><a data-toggle="modal" data-target="#packet" onclick="setPacket('')">open</a></td></tr>
<tr class="success"><td>com.android.phone(1488)</td><td>16</td><td>android.permission.WAKE_LOCK</td><td><a data-toggle="modal" data-target="#packet" onclick="setPacket('')">open</a></td></tr>
<tr class="success"><td>com.android.phone(1488)</td><td>14</td><td>android.permission.WAKE_LOCK</td><td><a data-toggle="modal" data-target="#packet" onclick="setPacket('')">open</a></td></tr>
<tr class="success"><td>com.android.phone(1488)</td><td>1</td><td>android.permission.MODIFY_PHONE_STATE<br/>android.permission.INTERACT_ACROSS_USERS<br/>android.permission.INTERACT_ACROSS_USERS_FULL<br/>android.permission.BROADCAST_STICKY</td><td><a data-toggle="modal" data-target="#packet" onclick="setPacket('')">open</a></td></tr>
<tr class="success"><td>com.android.phone(1488)</td><td>1</td><td>android.permission.MODIFY_PHONE_STATE<br/>android.permission.INTERACT_ACROSS_USERS<br/>android.permission.INTERACT_ACROSS_USERS_FULL<br/>android.permission.BROADCAST_STICKY</td><td><a data-toggle="modal" data-target="#packet" onclick="setPacket('')">open</a></td></tr>
<tr class="success"><td>com.android.phone(1488)</td><td>1</td><td>android.permission.MODIFY_PHONE_STATE<br/>android.permission.INTERACT_ACROSS_USERS<br/>android.permission.INTERACT_ACROSS_USERS_FULL<br/>android.permission.BROADCAST_STICKY</td><td><a data-toggle="modal" data-target="#packet" onclick="setPacket('')">open</a></td></tr>
<tr class="success"><td>com.android.phone(1488)</td><td>1</td><td>android.permission.MODIFY_PHONE_STATE<br/>android.permission.INTERACT_ACROSS_USERS<br/>android.permission.INTERACT_ACROSS_USERS_FULL<br/>android.permission.BROADCAST_STICKY</td><td><a data-toggle="modal" data-target="#packet" onclick="setPacket('')">open</a></td></tr>
<tr class="success"><td>com.android.phone(1488)</td><td>1</td><td>android.permission.MODIFY_PHONE_STATE<br/>android.permission.INTERACT_ACROSS_USERS<br/>android.permission.INTERACT_ACROSS_USERS_FULL<br/>android.permission.BROADCAST_STICKY</td><td><a data-toggle="modal" data-target="#packet" onclick="setPacket('')">open</a></td></tr>
<tr class="success"><td>com.android.phone(1488)</td><td>1</td><td>android.permission.MODIFY_PHONE_STATE<br/>android.permission.INTERACT_ACROSS_USERS<br/>android.permission.INTERACT_ACROSS_USERS_FULL<br/>android.permission.BROADCAST_STICKY</td><td><a data-toggle="modal" data-target="#packet" onclick="setPacket('')">open</a></td></tr>
<tr class="success"><td>com.android.phone(1488)</td><td>1</td><td>android.permission.MODIFY_PHONE_STATE<br/>android.permission.INTERACT_ACROSS_USERS<br/>android.permission.INTERACT_ACROSS_USERS_FULL<br/>android.permission.BROADCAST_STICKY</td><td><a data-toggle="modal" data-target="#packet" onclick="setPacket('')">open</a></td></tr>
<tr class="success"><td>com.android.phone(1488)</td><td>1</td><td>android.permission.MODIFY_PHONE_STATE<br/>android.permission.INTERACT_ACROSS_USERS<br/>android.permission.INTERACT_ACROSS_USERS_FULL<br/>android.permission.BROADCAST_STICKY</td><td><a data-toggle="modal" data-target="#packet" onclick="setPacket('')">open</a></td></tr>
<tr class="danger"><td>com.android.phone(1488)</td><td>9</td><td>android.permission.READ_SMS</td><td><a data-toggle="modal" data-target="#packet" onclick="setPacket('')">open</a></td></tr>
<tr class="success"><td>com.android.phone(1488)</td><td>1</td><td>android.permission.MODIFY_PHONE_STATE<br/>android.permission.INTERACT_ACROSS_USERS<br/>android.permission.INTERACT_ACROSS_USERS_FULL<br/>android.permission.BROADCAST_STICKY</td><td><a data-toggle="modal" data-target="#packet" onclick="setPacket('')">open</a></td></tr>
<tr class="danger"><td>com.android.phone(1488)</td><td>10</td><td>android.permission.READ_SMS</td><td><a data-toggle="modal" data-target="#packet" onclick="setPacket('')">open</a></td></tr>
<tr class="success"><td>com.android.phone(1488)</td><td>10</td><td>android.permission.UPDATE_APP_OPS_STATS</td><td><a data-toggle="modal" data-target="#packet" onclick="setPacket('')">open</a></td></tr>
<tr class="danger"><td>com.android.phone(1488)</td><td>10</td><td>android.permission.READ_SMS</td><td><a data-toggle="modal" data-target="#packet" onclick="setPacket('')">open</a></td></tr>
<tr class="success"><td>com.android.phone(1488)</td><td>10</td><td>android.permission.UPDATE_APP_OPS_STATS</td><td><a data-toggle="modal" data-target="#packet" onclick="setPacket('')">open</a></td></tr>
<tr class="success"><td>com.android.phone(1488)</td><td>9</td><td>android.permission.UPDATE_APP_OPS_STATS</td><td><a data-toggle="modal" data-target="#packet" onclick="setPacket('')">open</a></td></tr>
<tr class="danger"><td>com.android.phone(1488)</td><td>10</td><td>android.permission.READ_SMS</td><td><a data-toggle="modal" data-target="#packet" onclick="setPacket('')">open</a></td></tr>
<tr class="success"><td>com.android.phone(1488)</td><td>10</td><td>android.permission.UPDATE_APP_OPS_STATS</td><td><a data-toggle="modal" data-target="#packet" onclick="setPacket('')">open</a></td></tr>
<tr class="danger"><td>com.android.phone(1488)</td><td>22</td><td>android.permission.READ_SMS</td><td><a data-toggle="modal" data-target="#packet" onclick="setPacket('')">open</a></td></tr>
<tr class="danger"><td>com.android.phone(1488)</td><td>9</td><td>android.permission.READ_SMS</td><td><a data-toggle="modal" data-target="#packet" onclick="setPacket('')">open</a></td></tr>
<tr class="success"><td>com.android.phone(1488)</td><td>22</td><td>android.permission.UPDATE_APP_OPS_STATS</td><td><a data-toggle="modal" data-target="#packet" onclick="setPacket('')">open</a></td></tr>
<tr class="danger"><td>com.android.phone(1488)</td><td>10</td><td>android.permission.READ_SMS</td><td><a data-toggle="modal" data-target="#packet" onclick="setPacket('')">open</a></td></tr>
<tr class="success"><td>com.android.phone(1488)</td><td>9</td><td>android.permission.UPDATE_APP_OPS_STATS</td><td><a data-toggle="modal" data-target="#packet" onclick="setPacket('')">open</a></td></tr>
<tr class="success"><td>com.android.phone(1488)</td><td>10</td><td>android.permission.UPDATE_APP_OPS_STATS</td><td><a data-toggle="modal" data-target="#packet" onclick="setPacket('')">open</a></td></tr>
<tr class="danger"><td>com.android.phone(1488)</td><td>9</td><td>android.permission.READ_SMS</td><td><a data-toggle="modal" data-target="#packet" onclick="setPacket('')">open</a></td></tr>
<tr class="success"><td>com.android.phone(1488)</td><td>9</td><td>android.permission.UPDATE_APP_OPS_STATS</td><td><a data-toggle="modal" data-target="#packet" onclick="setPacket('')">open</a></td></tr>
<tr class="danger"><td>com.android.phone(1488)</td><td>10</td><td>android.permission.READ_SMS</td><td><a data-toggle="modal" data-target="#packet" onclick="setPacket('')">open</a></td></tr>
<tr class="danger"><td>com.android.phone(1488)</td><td>22</td><td>android.permission.READ_SMS</td><td><a data-toggle="modal" data-target="#packet" onclick="setPacket('')">open</a></td></tr>
<tr class="success"><td>com.android.phone(1488)</td><td>10</td><td>android.permission.UPDATE_APP_OPS_STATS</td><td><a data-toggle="modal" data-target="#packet" onclick="setPacket('')">open</a></td></tr>
<tr class="success"><td>com.android.phone(1488)</td><td>22</td><td>android.permission.UPDATE_APP_OPS_STATS</td><td><a data-toggle="modal" data-target="#packet" onclick="setPacket('')">open</a></td></tr>
<tr class="danger"><td>com.android.phone(1488)</td><td>9</td><td>android.permission.WRITE_SMS</td><td><a data-toggle="modal" data-target="#packet" onclick="setPacket('')">open</a></td></tr>
<tr class="success"><td>com.android.phone(1488)</td><td>9</td><td>android.permission.UPDATE_APP_OPS_STATS</td><td><a data-toggle="modal" data-target="#packet" onclick="setPacket('')">open</a></td></tr>
<tr class="danger"><td>com.android.phone(1488)</td><td>10</td><td>android.permission.READ_SMS</td><td><a data-toggle="modal" data-target="#packet" onclick="setPacket('')">open</a></td></tr>
<tr class="danger"><td>com.android.phone(1488)</td><td>22</td><td>android.permission.READ_SMS</td><td><a data-toggle="modal" data-target="#packet" onclick="setPacket('')">open</a></td></tr>
<tr class="success"><td>com.android.phone(1488)</td><td>10</td><td>android.permission.UPDATE_APP_OPS_STATS</td><td><a data-toggle="modal" data-target="#packet" onclick="setPacket('')">open</a></td></tr>
<tr class="danger"><td>com.android.phone(1488)</td><td>9</td><td>android.permission.READ_SMS</td><td><a data-toggle="modal" data-target="#packet" onclick="setPacket('')">open</a></td></tr>
<tr class="success"><td>com.android.phone(1488)</td><td>22</td><td>android.permission.UPDATE_APP_OPS_STATS</td><td><a data-toggle="modal" data-target="#packet" onclick="setPacket('')">open</a></td></tr>
<tr class="success"><td>com.android.phone(1488)</td><td>9</td><td>android.permission.UPDATE_APP_OPS_STATS</td><td><a data-toggle="modal" data-target="#packet" onclick="setPacket('')">open</a></td></tr>
<tr class="danger"><td>com.android.phone(1488)</td><td>22</td><td>android.permission.READ_SMS</td><td><a data-toggle="modal" data-target="#packet" onclick="setPacket('')">open</a></td></tr>
<tr class="success"><td>com.android.phone(1488)</td><td>22</td><td>android.permission.UPDATE_APP_OPS_STATS</td><td><a data-toggle="modal" data-target="#packet" onclick="setPacket('')">open</a></td></tr>
<tr class="danger"><td>com.android.phone(1488)</td><td>10</td><td>android.permission.READ_SMS</td><td><a data-toggle="modal" data-target="#packet" onclick="setPacket('')">open</a></td></tr>
<tr class="danger"><td>com.android.phone(1488)</td><td>9</td><td>android.permission.READ_SMS</td><td><a data-toggle="modal" data-target="#packet" onclick="setPacket('')">open</a></td></tr>
<tr class="success"><td>com.android.phone(1488)</td><td>9</td><td>android.permission.UPDATE_APP_OPS_STATS</td><td><a data-toggle="modal" data-target="#packet" onclick="setPacket('')">open</a></td></tr>
<tr class="success"><td>com.android.phone(1488)</td><td>1</td><td>android.permission.WAKE_LOCK</td><td><a data-toggle="modal" data-target="#packet" onclick="setPacket('')">open</a></td></tr>
<tr class="success"><td>com.android.phone(1488)</td><td>10</td><td>android.permission.UPDATE_APP_OPS_STATS</td><td><a data-toggle="modal" data-target="#packet" onclick="setPacket('')">open</a></td></tr>
<tr class="success"><td>com.android.phone(1488)</td><td>1</td><td>android.permission.MODIFY_PHONE_STATE<br/>android.permission.INTERACT_ACROSS_USERS<br/>android.permission.INTERACT_ACROSS_USERS_FULL<br/>android.permission.BROADCAST_STICKY</td><td><a data-toggle="modal" data-target="#packet" onclick="setPacket('')">open</a></td></tr>
<tr class="danger"><td>com.android.phone(1488)</td><td>22</td><td>android.permission.READ_SMS</td><td><a data-toggle="modal" data-target="#packet" onclick="setPacket('')">open</a></td></tr>
<tr class="success"><td>com.android.phone(1488)</td><td>22</td><td>android.permission.UPDATE_APP_OPS_STATS</td><td><a data-toggle="modal" data-target="#packet" onclick="setPacket('')">open</a></td></tr>
<tr class="danger"><td>com.android.phone(1488)</td><td>9</td><td>android.permission.READ_SMS</td><td><a data-toggle="modal" data-target="#packet" onclick="setPacket('')">open</a></td></tr>
<tr class="danger"><td>com.android.phone(1488)</td><td>10</td><td>android.permission.READ_SMS</td><td><a data-toggle="modal" data-target="#packet" onclick="setPacket('')">open</a></td></tr>
<tr class="danger"><td>com.android.phone(1488)</td><td>22</td><td>android.permission.WRITE_SMS</td><td><a data-toggle="modal" data-target="#packet" onclick="setPacket('')">open</a></td></tr>
<tr class="success"><td>com.android.phone(1488)</td><td>9</td><td>android.permission.UPDATE_APP_OPS_STATS</td><td><a data-toggle="modal" data-target="#packet" onclick="setPacket('')">open</a></td></tr>
<tr class="success"><td>com.android.phone(1488)</td><td>10</td><td>android.permission.UPDATE_APP_OPS_STATS</td><td><a data-toggle="modal" data-target="#packet" onclick="setPacket('')">open</a></td></tr>
<tr class="success"><td>com.android.phone(1488)</td><td>22</td><td>android.permission.UPDATE_APP_OPS_STATS</td><td><a data-toggle="modal" data-target="#packet" onclick="setPacket('')">open</a></td></tr>
<tr class="danger"><td>com.android.phone(1488)</td><td>22</td><td>android.permission.READ_SMS</td><td><a data-toggle="modal" data-target="#packet" onclick="setPacket('')">open</a></td></tr>
<tr class="success"><td>com.android.phone(1488)</td><td>22</td><td>android.permission.UPDATE_APP_OPS_STATS</td><td><a data-toggle="modal" data-target="#packet" onclick="setPacket('')">open</a></td></tr>
<tr class="danger"><td>com.android.phone(1488)</td><td>10</td><td>android.permission.READ_SMS</td><td><a data-toggle="modal" data-target="#packet" onclick="setPacket('')">open</a></td></tr>
<tr class="success"><td>com.android.phone(1488)</td><td>10</td><td>android.permission.UPDATE_APP_OPS_STATS</td><td><a data-toggle="modal" data-target="#packet" onclick="setPacket('')">open</a></td></tr>
<tr class="danger"><td>com.android.phone(1488)</td><td>9</td><td>android.permission.READ_SMS</td><td><a data-toggle="modal" data-target="#packet" onclick="setPacket('')">open</a></td></tr>
<tr class="danger"><td>com.android.phone(1488)</td><td>22</td><td>android.permission.READ_SMS</td><td><a data-toggle="modal" data-target="#packet" onclick="setPacket('')">open</a></td></tr>
<tr class="success"><td>com.android.phone(1488)</td><td>9</td><td>android.permission.UPDATE_APP_OPS_STATS</td><td><a data-toggle="modal" data-target="#packet" onclick="setPacket('')">open</a></td></tr>
<tr class="success"><td>com.android.phone(1488)</td><td>22</td><td>android.permission.UPDATE_APP_OPS_STATS</td><td><a data-toggle="modal" data-target="#packet" onclick="setPacket('')">open</a></td></tr>
<tr class="success"><td>ch.usi.dag.android.example(1902)</td><td>1</td><td>android.permission.INTERACT_ACROSS_USERS</td><td><a data-toggle="modal" data-target="#packet" onclick="setPacket('ch/usi/dag/android/example/Client.onCreate<br/>ch/usi/dag/android/example/Client.setContentView')">open</a></td></tr>
<tr class="success"><td>ch.usi.dag.android.example(1902)</td><td>1</td><td>android.permission.INTERACT_ACROSS_USERS_FULL</td><td><a data-toggle="modal" data-target="#packet" onclick="setPacket('ch/usi/dag/android/example/Client.onCreate<br/>ch/usi/dag/android/example/Client.setContentView')">open</a></td></tr>
<tr class="success"><td>com.android.phone(1488)</td><td>1</td><td>android.permission.WAKE_LOCK</td><td><a data-toggle="modal" data-target="#packet" onclick="setPacket('')">open</a></td></tr>
<tr class="success"><td>com.android.phone(1488)</td><td>1</td><td>android.permission.MODIFY_PHONE_STATE<br/>android.permission.INTERACT_ACROSS_USERS<br/>android.permission.INTERACT_ACROSS_USERS_FULL<br/>android.permission.BROADCAST_STICKY</td><td><a data-toggle="modal" data-target="#packet" onclick="setPacket('')">open</a></td></tr>
<tr class="warning"><td>com.android.phone(1488)</td><td>22</td><td>android.permission.READ_PHONE_STATE</td><td><a data-toggle="modal" data-target="#packet" onclick="setPacket('')">open</a></td></tr>
<tr class="warning"><td>ch.usi.dag.android.example(1902)</td><td>1</td><td>android.permission.READ_PHONE_STATE</td><td><a data-toggle="modal" data-target="#packet" onclick="setPacket('ch/usi/dag/android/example/Client.onGetDeviceID<br/>ch/usi/dag/android/example/BaseClass.foo<br/>ch/usi/dag/android/example/ConcreteClass.foo<br/>android/telephony/TelephonyManager.getDeviceId')">open</a></td></tr>
<tr class="danger"><td>com.android.phone(1488)</td><td>10</td><td>android.permission.SEND_SMS</td><td><a data-toggle="modal" data-target="#packet" onclick="setPacket('')">open</a></td></tr>
<tr class="success"><td>com.android.phone(1488)</td><td>10</td><td>android.permission.UPDATE_APP_OPS_STATS</td><td><a data-toggle="modal" data-target="#packet" onclick="setPacket('')">open</a></td></tr>
<tr class="danger"><td>com.android.phone(1488)</td><td>10</td><td>android.permission.SEND_SMS_NO_CONFIRMATION</td><td><a data-toggle="modal" data-target="#packet" onclick="setPacket('')">open</a></td></tr>
<tr class="danger"><td>ch.usi.dag.android.example(1902)</td><td>1</td><td>android.permission.SEND_SMS<br/>android.permission.UPDATE_APP_OPS_STATS<br/>android.permission.SEND_SMS_NO_CONFIRMATION</td><td><a data-toggle="modal" data-target="#packet" onclick="setPacket('ch/usi/dag/android/example/Client.onSendSMS<br/>ch/usi/dag/android/example/BaseClass.bar<br/>ch/usi/dag/android/example/ConcreteClass.bar<br/>android/telephony/SmsManager.sendTextMessage')">open</a></td></tr>
<tr class="success"><td>com.android.phone(1488)</td><td>1</td><td>android.permission.INTERACT_ACROSS_USERS</td><td><a data-toggle="modal" data-target="#packet" onclick="setPacket('')">open</a></td></tr>
<tr class="success"><td>com.android.phone(1488)</td><td>1</td><td>android.permission.INTERACT_ACROSS_USERS_FULL</td><td><a data-toggle="modal" data-target="#packet" onclick="setPacket('')">open</a></td></tr>
<tr class="success"><td>com.android.phone(1488)</td><td>1</td><td>android.permission.INTERACT_ACROSS_USERS<br/>android.permission.INTERACT_ACROSS_USERS_FULL</td><td><a data-toggle="modal" data-target="#packet" onclick="setPacket('')">open</a></td></tr>
<tr class="success"><td>com.android.phone(1488)</td><td>1</td><td>android.permission.SYSTEM_ALERT_WINDOW</td><td><a data-toggle="modal" data-target="#packet" onclick="setPacket('')">open</a></td></tr>
<tr class="success"><td>com.android.phone(1488)</td><td>1</td><td>android.permission.WAKE_LOCK</td><td><a data-toggle="modal" data-target="#packet" onclick="setPacket('')">open</a></td></tr>
<tr class="success"><td>com.android.phone(1488)</td><td>1</td><td>android.permission.WAKE_LOCK</td><td><a data-toggle="modal" data-target="#packet" onclick="setPacket('')">open</a></td></tr>
<tr class="success"><td>com.android.phone(1488)</td><td>1</td><td>android.permission.MODIFY_PHONE_STATE<br/>android.permission.INTERACT_ACROSS_USERS<br/>android.permission.INTERACT_ACROSS_USERS_FULL<br/>android.permission.BROADCAST_STICKY</td><td><a data-toggle="modal" data-target="#packet" onclick="setPacket('')">open</a></td></tr>
<tr class="success"><td>dalvikvm(1949)</td><td>1</td><td>android.permission.INSTALL_PACKAGES</td><td><a data-toggle="modal" data-target="#packet" onclick="setPacket('')">open</a></td></tr>
<tr class="success"><td>com.android.phone(1488)</td><td>1</td><td>android.permission.WAKE_LOCK</td><td><a data-toggle="modal" data-target="#packet" onclick="setPacket('')">open</a></td></tr>
<tr class="success"><td>com.android.phone(1488)</td><td>1</td><td>android.permission.MODIFY_PHONE_STATE<br/>android.permission.INTERACT_ACROSS_USERS<br/>android.permission.INTERACT_ACROSS_USERS_FULL<br/>android.permission.BROADCAST_STICKY</td><td><a data-toggle="modal" data-target="#packet" onclick="setPacket('')">open</a></td></tr>
<tr class="info"><td>pixelrush.xphonefree(2018)</td><td>13</td><td>android.permission.READ_CONTACTS</td><td><a data-toggle="modal" data-target="#packet" onclick="setPacket('c/a/a/h.handleMessage<br/>c/a/a/d.run<br/>c/a/a/a/b.a<br/>c/a/a/a/b.f<br/>c/a/a/a/w.a<br/>c/a/a/a/w.i')">open</a></td></tr>
<tr class="info"><td>pixelrush.xphonefree(2018)</td><td>11</td><td>android.permission.READ_CALL_LOG</td><td><a data-toggle="modal" data-target="#packet" onclick="setPacket('c/a/a/h.handleMessage<br/>c/a/a/d.run<br/>c/a/a/a/b.a<br/>c/a/a/a/b.f<br/>c/a/a/a/g.a<br/>c/a/a/a/g.s')">open</a></td></tr>
<tr class="success"><td>pixelrush.xphonefree(2018)</td><td>1</td><td>android.permission.INTERACT_ACROSS_USERS</td><td><a data-toggle="modal" data-target="#packet" onclick="setPacket('pixelrush/xphonefree/XPhoneActivity.onCreate<br/>pixelrush/xphonefree/c/l.()')">open</a></td></tr>
<tr class="success"><td>pixelrush.xphonefree(2018)</td><td>1</td><td>android.permission.INTERACT_ACROSS_USERS_FULL</td><td><a data-toggle="modal" data-target="#packet" onclick="setPacket('pixelrush/xphonefree/XPhoneActivity.onCreate<br/>pixelrush/xphonefree/c/l.()')">open</a></td></tr>
<tr class="info"><td>pixelrush.xphonefree(2018)</td><td>12</td><td>android.permission.READ_CONTACTS</td><td><a data-toggle="modal" data-target="#packet" onclick="setPacket('c/a/a/h.handleMessage<br/>c/a/a/d.run<br/>c/a/a/a/b.a<br/>c/a/a/a/b.f<br/>c/a/a/a/p.a<br/>c/a/a/a/p.f')">open</a></td></tr>
<tr class="info"><td>pixelrush.xphonefree(2018)</td><td>12</td><td>android.permission.READ_CONTACTS</td><td><a data-toggle="modal" data-target="#packet" onclick="setPacket('c/a/a/h.handleMessage<br/>c/a/a/d.run<br/>c/a/a/a/b.a<br/>c/a/a/a/b.f<br/>c/a/a/a/l.a<br/>c/a/a/a/l.s')">open</a></td></tr>
<tr class="success"><td>pixelrush.xphonefree(2018)</td><td>1</td><td>android.permission.ACCESS_ALL_EXTERNAL_STORAGE</td><td><a data-toggle="modal" data-target="#packet" onclick="setPacket('c/a/a/t.onPostExecute<br/>pixelrush/xphonefree/XPhoneActivity.a<br/>c/a/a/v.b<br/>c/a/a/v.c')">open</a></td></tr>
<tr class="warning"><td>pixelrush.xphonefree(2018)</td><td>16</td><td>android.permission.GET_ACCOUNTS</td><td><a data-toggle="modal" data-target="#packet" onclick="setPacket('c/a/a/cr.doInBackground<br/>c/a/a/cr.a<br/>c/a/a/bv.l<br/>android/provider/Settings$Secure.getString')">open</a></td></tr>
<tr class="warning"><td>com.android.phone(1488)</td><td>10</td><td>android.permission.READ_PHONE_STATE</td><td><a data-toggle="modal" data-target="#packet" onclick="setPacket('')">open</a></td></tr>
<tr class="warning"><td>pixelrush.xphonefree(2018)</td><td>16</td><td>android.permission.READ_PHONE_STATE</td><td><a data-toggle="modal" data-target="#packet" onclick="setPacket('c/a/a/cr.doInBackground<br/>c/a/a/cr.a<br/>c/a/a/bv.k<br/>android/telephony/TelephonyManager.getDeviceId')">open</a></td></tr>
<tr class="success"><td>com.android.phone(1488)</td><td>1</td><td>android.permission.WAKE_LOCK</td><td><a data-toggle="modal" data-target="#packet" onclick="setPacket('')">open</a></td></tr>
<tr class="success"><td>com.android.phone(1488)</td><td>1</td><td>android.permission.MODIFY_PHONE_STATE<br/>android.permission.INTERACT_ACROSS_USERS<br/>android.permission.INTERACT_ACROSS_USERS_FULL<br/>android.permission.BROADCAST_STICKY</td><td><a data-toggle="modal" data-target="#packet" onclick="setPacket('')">open</a></td></tr>
<tr class="success"><td>com.android.phone(1488)</td><td>1</td><td>android.permission.WAKE_LOCK</td><td><a data-toggle="modal" data-target="#packet" onclick="setPacket('')">open</a></td></tr>
<tr class="success"><td>com.android.phone(1488)</td><td>1</td><td>android.permission.MODIFY_PHONE_STATE<br/>android.permission.INTERACT_ACROSS_USERS<br/>android.permission.INTERACT_ACROSS_USERS_FULL<br/>android.permission.BROADCAST_STICKY</td><td><a data-toggle="modal" data-target="#packet" onclick="setPacket('')">open</a></td></tr>
<tr class="success"><td>com.android.phone(1488)</td><td>1</td><td>android.permission.WAKE_LOCK</td><td><a data-toggle="modal" data-target="#packet" onclick="setPacket('')">open</a></td></tr>
<tr class="success"><td>com.android.phone(1488)</td><td>1</td><td>android.permission.MODIFY_PHONE_STATE<br/>android.permission.INTERACT_ACROSS_USERS<br/>android.permission.INTERACT_ACROSS_USERS_FULL<br/>android.permission.BROADCAST_STICKY</td><td><a data-toggle="modal" data-target="#packet" onclick="setPacket('')">open</a></td></tr>
<tr class="success"><td>com.android.phone(1488)</td><td>1</td><td>android.permission.WAKE_LOCK</td><td><a data-toggle="modal" data-target="#packet" onclick="setPacket('')">open</a></td></tr>
<tr class="success"><td>com.android.phone(1488)</td><td>1</td><td>android.permission.MODIFY_PHONE_STATE<br/>android.permission.INTERACT_ACROSS_USERS<br/>android.permission.INTERACT_ACROSS_USERS_FULL<br/>android.permission.BROADCAST_STICKY</td><td><a data-toggle="modal" data-target="#packet" onclick="setPacket('')">open</a></td></tr>
<tr class="success"><td>com.android.phone(1488)</td><td>1</td><td>android.permission.WAKE_LOCK</td><td><a data-toggle="modal" data-target="#packet" onclick="setPacket('')">open</a></td></tr>
<tr class="success"><td>com.android.phone(1488)</td><td>1</td><td>android.permission.MODIFY_PHONE_STATE<br/>android.permission.INTERACT_ACROSS_USERS<br/>android.permission.INTERACT_ACROSS_USERS_FULL<br/>android.permission.BROADCAST_STICKY</td><td><a data-toggle="modal" data-target="#packet" onclick="setPacket('')">open</a></td></tr>
<tr class="success"><td>com.android.phone(1488)</td><td>1</td><td>android.permission.WAKE_LOCK</td><td><a data-toggle="modal" data-target="#packet" onclick="setPacket('')">open</a></td></tr>
<tr class="success"><td>com.android.phone(1488)</td><td>1</td><td>android.permission.MODIFY_PHONE_STATE<br/>android.permission.INTERACT_ACROSS_USERS<br/>android.permission.INTERACT_ACROSS_USERS_FULL<br/>android.permission.BROADCAST_STICKY</td><td><a data-toggle="modal" data-target="#packet" onclick="setPacket('')">open</a></td></tr>
<tr class="success"><td>com.android.phone(1488)</td><td>1</td><td>android.permission.WAKE_LOCK</td><td><a data-toggle="modal" data-target="#packet" onclick="setPacket('')">open</a></td></tr>
<tr class="success"><td>com.android.phone(1488)</td><td>1</td><td>android.permission.MODIFY_PHONE_STATE<br/>android.permission.INTERACT_ACROSS_USERS<br/>android.permission.INTERACT_ACROSS_USERS_FULL<br/>android.permission.BROADCAST_STICKY</td><td><a data-toggle="modal" data-target="#packet" onclick="setPacket('')">open</a></td></tr>
<tr class="success"><td>com.android.phone(1488)</td><td>1</td><td>android.permission.WAKE_LOCK</td><td><a data-toggle="modal" data-target="#packet" onclick="setPacket('')">open</a></td></tr>
<tr class="success"><td>com.android.phone(1488)</td><td>1</td><td>android.permission.MODIFY_PHONE_STATE<br/>android.permission.INTERACT_ACROSS_USERS<br/>android.permission.INTERACT_ACROSS_USERS_FULL<br/>android.permission.BROADCAST_STICKY</td><td><a data-toggle="modal" data-target="#packet" onclick="setPacket('')">open</a></td></tr>
